#################### END OF EXECUTION OF http://localhost:82/gcsystem/gcs-dev/form ####################
#################### END OF EXECUTION OF http://localhost:82/gcsystem/gcs-dev/gcs/asset/2d047826415b8b7c4d9b0b13db7373c81b1aef92.css ####################
#################### END OF EXECUTION OF http://localhost:82/gcsystem/gcs-dev/form ####################
#################### END OF EXECUTION OF http://localhost:82/gcsystem/gcs-dev/gcs/asset/2d047826415b8b7c4d9b0b13db7373c81b1aef92.css ####################
#################### END OF EXECUTION OF http://localhost:82/gcsystem/gcs-dev/hydrate ####################
#################### END OF EXECUTION OF http://localhost:82/gcsystem/gcs-dev/form/hydrate ####################
#################### END OF EXECUTION OF http://localhost:82/gcsystem/gcs-dev/gcs/asset/2d047826415b8b7c4d9b0b13db7373c81b1aef92.css ####################
#################### END OF EXECUTION OF http://localhost:82/gcsystem/gcs-dev/form/hydrate ####################
#################### END OF EXECUTION OF http://localhost:82/gcsystem/gcs-dev/gcs/asset/2d047826415b8b7c4d9b0b13db7373c81b1aef92.css ####################
#################### END OF EXECUTION OF http://localhost:82/gcsystem/gcs-dev/form/hydrate ####################
#################### END OF EXECUTION OF http://localhost:82/gcsystem/gcs-dev/gcs/asset/2d047826415b8b7c4d9b0b13db7373c81b1aef92.css ####################
#################### END OF EXECUTION OF http://localhost:82/gcsystem/gcs-dev/form/hydrate ####################
#################### END OF EXECUTION OF http://localhost:82/gcsystem/gcs-dev/gcs/asset/2d047826415b8b7c4d9b0b13db7373c81b1aef92.css ####################
#################### END OF EXECUTION OF http://localhost:82/gcsystem/gcs-dev/form/hydrate ####################
#################### END OF EXECUTION OF http://localhost:82/gcsystem/gcs-dev/gcs/asset/2d047826415b8b7c4d9b0b13db7373c81b1aef92.css ####################
#################### END OF EXECUTION OF http://localhost:82/gcsystem/gcs-dev/form/hydrate ####################
#################### END OF EXECUTION OF http://localhost:82/gcsystem/gcs-dev/gcs/asset/2d047826415b8b7c4d9b0b13db7373c81b1aef92.css ####################
#################### END OF EXECUTION OF http://localhost:82/gcsystem/gcs-dev/form/hydrate ####################
#################### END OF EXECUTION OF http://localhost:82/gcsystem/gcs-dev/gcs/asset/2d047826415b8b7c4d9b0b13db7373c81b1aef92.css ####################
#################### END OF EXECUTION OF http://localhost:82/gcsystem/gcs-dev/form/hydrate ####################
#################### END OF EXECUTION OF http://localhost:82/gcsystem/gcs-dev/gcs/asset/2d047826415b8b7c4d9b0b13db7373c81b1aef92.css ####################
#################### END OF EXECUTION OF http://localhost:82/gcsystem/gcs-dev/form/hydrate ####################
#################### END OF EXECUTION OF http://localhost:82/gcsystem/gcs-dev/gcs/asset/2d047826415b8b7c4d9b0b13db7373c81b1aef92.css ####################
19/10/2015 03:56:34 : [ERROR] file C:\wamp\www\gcsystem\gcs-dev\vendor\gcsystem\framework\core\system\Orm\Validation\Element\Element.php / line 160 / [8] (Undefined index: artdicle)
#################### END OF EXECUTION OF http://localhost:82/gcsystem/gcs-dev/form/hydrate ####################
#################### END OF EXECUTION OF http://localhost:82/gcsystem/gcs-dev/gcs/asset/2d047826415b8b7c4d9b0b13db7373c81b1aef92.css ####################
#################### END OF EXECUTION OF http://localhost:82/gcsystem/gcs-dev/form/hydrate ####################
#################### END OF EXECUTION OF http://localhost:82/gcsystem/gcs-dev/gcs/asset/2d047826415b8b7c4d9b0b13db7373c81b1aef92.css ####################
#################### END OF EXECUTION OF http://localhost:82/gcsystem/gcs-dev/form/hydrate ####################
#################### END OF EXECUTION OF http://localhost:82/gcsystem/gcs-dev/gcs/asset/2d047826415b8b7c4d9b0b13db7373c81b1aef92.css ####################
#################### END OF EXECUTION OF http://localhost:82/gcsystem/gcs-dev/form/hydrate ####################
#################### END OF EXECUTION OF http://localhost:82/gcsystem/gcs-dev/gcs/asset/2d047826415b8b7c4d9b0b13db7373c81b1aef92.css ####################
#################### END OF EXECUTION OF http://localhost:82/gcsystem/gcs-dev/form/hydrate ####################
#################### END OF EXECUTION OF http://localhost:82/gcsystem/gcs-dev/gcs/asset/2d047826415b8b7c4d9b0b13db7373c81b1aef92.css ####################
#################### END OF EXECUTION OF http://localhost:82/gcsystem/gcs-dev/form/hydrate ####################
#################### END OF EXECUTION OF http://localhost:82/gcsystem/gcs-dev/gcs/asset/2d047826415b8b7c4d9b0b13db7373c81b1aef92.css ####################
#################### END OF EXECUTION OF http://localhost:82/gcsystem/gcs-dev/form/hydrate ####################
#################### END OF EXECUTION OF http://localhost:82/gcsystem/gcs-dev/gcs/asset/2d047826415b8b7c4d9b0b13db7373c81b1aef92.css ####################
#################### END OF EXECUTION OF http://localhost:82/gcsystem/gcs-dev/form/hydrate ####################
#################### END OF EXECUTION OF http://localhost:82/gcsystem/gcs-dev/gcs/asset/2d047826415b8b7c4d9b0b13db7373c81b1aef92.css ####################
#################### END OF EXECUTION OF http://c11face5.ngrok.io/ ####################
#################### END OF EXECUTION OF http://c11face5.ngrok.io/gcsystem/gcs-dev/gcs/asset/a5c839bd03409b2a091a7358efc82010f94efd12.css ####################
#################### END OF EXECUTION OF http://c11face5.ngrok.io/gcsystem/gcs-dev/web/gcs/image/logo60.png ####################
#################### END OF EXECUTION OF http://c11face5.ngrok.io/gcsystem/gcs-dev/web/gcs/image/logo.png ####################
#################### END OF EXECUTION OF http://c11face5.ngrok.io/ ####################
#################### END OF EXECUTION OF http://c11face5.ngrok.io/gcsystem/gcs-dev/gcs/asset/a5c839bd03409b2a091a7358efc82010f94efd12.css ####################
#################### END OF EXECUTION OF http://c11face5.ngrok.io/form/hydrate ####################
#################### END OF EXECUTION OF http://c11face5.ngrok.io/gcsystem/gcs-dev/gcs/asset/a5c839bd03409b2a091a7358efc82010f94efd12.css ####################
#################### END OF EXECUTION OF http://c11face5.ngrok.io/favicon.ico ####################
#################### END OF EXECUTION OF http://c11face5.ngrok.io/gcs/ ####################
#################### END OF EXECUTION OF http://c11face5.ngrok.io/gcsystem/gcs-dev/gcs/asset/a5c839bd03409b2a091a7358efc82010f94efd12.css ####################
#################### END OF EXECUTION OF http://c11face5.ngrok.io/ ####################
#################### END OF EXECUTION OF http://c11face5.ngrok.io/gcsystem/gcs-dev/gcs/asset/a5c839bd03409b2a091a7358efc82010f94efd12.css ####################
#################### END OF EXECUTION OF http://localhost:82/gcsystem/gcs-dev/ ####################
#################### END OF EXECUTION OF http://localhost:82/gcsystem/gcs-dev/gcs/asset/a5c839bd03409b2a091a7358efc82010f94efd12.css ####################
#################### END OF EXECUTION OF http://292d09aa.ngrok.io/ ####################
#################### END OF EXECUTION OF http://292d09aa.ngrok.io/gcsystem/gcs-dev/gcs/asset/a5c839bd03409b2a091a7358efc82010f94efd12.css ####################
#################### END OF EXECUTION OF http://292d09aa.ngrok.io/gcsystem/gcs-dev/web/gcs/image/logo60.png ####################
#################### END OF EXECUTION OF http://292d09aa.ngrok.io/gcsystem/gcs-dev/web/gcs/image/logo.png ####################
#################### END OF EXECUTION OF http://292d09aa.ngrok.io/gcsystem/ ####################
#################### END OF EXECUTION OF http://292d09aa.ngrok.io/gcsystem/gcs-dev/gcs/asset/a5c839bd03409b2a091a7358efc82010f94efd12.css ####################
#################### END OF EXECUTION OF http://292d09aa.ngrok.io/gcsystem/gcs-dev/web/gcs/image/logo60.png ####################
#################### END OF EXECUTION OF http://292d09aa.ngrok.io/gcsystem/gcs-dev ####################
#################### END OF EXECUTION OF http://292d09aa.ngrok.io/gcsystem/gcs-dev/gcs/asset/a5c839bd03409b2a091a7358efc82010f94efd12.css ####################
#################### END OF EXECUTION OF http://292d09aa.ngrok.io/gcsystem/gcs-dev/web/gcs/image/logo60.png ####################
#################### END OF EXECUTION OF http://da6ebd26.ngrok.io/gcsystem/gcs-dev/ ####################
#################### END OF EXECUTION OF http://da6ebd26.ngrok.io/gcsystem/gcs-dev/gcs/asset/a5c839bd03409b2a091a7358efc82010f94efd12.css ####################
#################### END OF EXECUTION OF http://da6ebd26.ngrok.io/gcsystem/gcs-dev/form ####################
#################### END OF EXECUTION OF http://da6ebd26.ngrok.io/gcsystem/gcs-dev/gcs/asset/2d047826415b8b7c4d9b0b13db7373c81b1aef92.css ####################
#################### END OF EXECUTION OF http://da6ebd26.ngrok.io/gcsystem/gcs-dev/form/hydrate ####################
#################### END OF EXECUTION OF http://da6ebd26.ngrok.io/gcsystem/gcs-dev/gcs/asset/2d047826415b8b7c4d9b0b13db7373c81b1aef92.css ####################
#################### END OF EXECUTION OF http://da6ebd26.ngrok.io/gcsystem/gcs-dev/form/hydrate ####################
#################### END OF EXECUTION OF http://da6ebd26.ngrok.io/gcsystem/gcs-dev/gcs/asset/2d047826415b8b7c4d9b0b13db7373c81b1aef92.css ####################
#################### END OF EXECUTION OF http://da6ebd26.ngrok.io/gcsystem/gcs-dev/form/hydrate ####################
#################### END OF EXECUTION OF http://da6ebd26.ngrok.io/gcsystem/gcs-dev/form/hydrate ####################
#################### END OF EXECUTION OF http://da6ebd26.ngrok.io/gcsystem/gcs-dev/gcs/asset/2d047826415b8b7c4d9b0b13db7373c81b1aef92.css ####################
#################### END OF EXECUTION OF http://da6ebd26.ngrok.io/gcsystem/gcs-dev/form/hydrate ####################
#################### END OF EXECUTION OF http://da6ebd26.ngrok.io/gcsystem/gcs-dev/gcs/asset/2d047826415b8b7c4d9b0b13db7373c81b1aef92.css ####################
#################### END OF EXECUTION OF http://da6ebd26.ngrok.io/gcsystem/gcs-dev/gcs/profiler ####################
#################### END OF EXECUTION OF http://da6ebd26.ngrok.io/gcsystem/gcs-dev/gcs/asset/2d047826415b8b7c4d9b0b13db7373c81b1aef92.css ####################
#################### END OF EXECUTION OF http://localhost:82/gcsystem/gcs-dev/form ####################
#################### END OF EXECUTION OF http://localhost:82/gcsystem/gcs-dev/gcs/asset/2d047826415b8b7c4d9b0b13db7373c81b1aef92.css ####################
#################### END OF EXECUTION OF http://localhost:82/gcsystem/gcs-dev/form/hydrate ####################
#################### END OF EXECUTION OF http://localhost:82/gcsystem/gcs-dev/gcs/asset/2d047826415b8b7c4d9b0b13db7373c81b1aef92.css ####################
#################### END OF EXECUTION OF http://localhost:82/gcsystem/gcs-dev/form/hydrate ####################
#################### END OF EXECUTION OF http://localhost:82/gcsystem/gcs-dev/gcs/asset/2d047826415b8b7c4d9b0b13db7373c81b1aef92.css ####################
#################### END OF EXECUTION OF http://localhost:82/gcsystem/gcs-dev/form/hydrate ####################
#################### END OF EXECUTION OF http://localhost:82/gcsystem/gcs-dev/gcs/asset/2d047826415b8b7c4d9b0b13db7373c81b1aef92.css ####################
#################### END OF EXECUTION OF http://localhost:82/gcsystem/gcs-dev/form/hydrate ####################
#################### END OF EXECUTION OF http://localhost:82/gcsystem/gcs-dev/gcs/asset/2d047826415b8b7c4d9b0b13db7373c81b1aef92.css ####################
#################### END OF EXECUTION OF http://localhost:82/gcsystem/gcs-dev/form/hydrate ####################
#################### END OF EXECUTION OF http://localhost:82/gcsystem/gcs-dev/gcs/asset/2d047826415b8b7c4d9b0b13db7373c81b1aef92.css ####################
#################### END OF EXECUTION OF http://localhost:82/gcsystem/gcs-dev/form/hydrate ####################
#################### END OF EXECUTION OF http://localhost:82/gcsystem/gcs-dev/gcs/asset/2d047826415b8b7c4d9b0b13db7373c81b1aef92.css ####################
#################### END OF EXECUTION OF http://localhost:82/gcsystem/gcs-dev/form/hydrate ####################
#################### END OF EXECUTION OF http://localhost:82/gcsystem/gcs-dev/gcs/asset/2d047826415b8b7c4d9b0b13db7373c81b1aef92.css ####################
#################### END OF EXECUTION OF http://localhost:82/gcsystem/gcs-dev/form/hydrate ####################
#################### END OF EXECUTION OF http://localhost:82/gcsystem/gcs-dev/gcs/asset/2d047826415b8b7c4d9b0b13db7373c81b1aef92.css ####################
#################### END OF EXECUTION OF http://localhost:82/gcsystem/gcs-dev/form/hydrate ####################
#################### END OF EXECUTION OF http://localhost:82/gcsystem/gcs-dev/gcs/asset/2d047826415b8b7c4d9b0b13db7373c81b1aef92.css ####################
#################### END OF EXECUTION OF http://localhost:82/gcsystem/gcs-dev/form/hydrate ####################
#################### END OF EXECUTION OF http://localhost:82/gcsystem/gcs-dev/gcs/asset/2d047826415b8b7c4d9b0b13db7373c81b1aef92.css ####################
#################### END OF EXECUTION OF http://localhost:82/gcsystem/gcs-dev/form/hydrate ####################
#################### END OF EXECUTION OF http://localhost:82/gcsystem/gcs-dev/gcs/asset/2d047826415b8b7c4d9b0b13db7373c81b1aef92.css ####################
#################### END OF EXECUTION OF http://localhost:82/gcsystem/gcs-dev/form/hydrate ####################
#################### END OF EXECUTION OF http://localhost:82/gcsystem/gcs-dev/gcs/asset/2d047826415b8b7c4d9b0b13db7373c81b1aef92.css ####################
#################### END OF EXECUTION OF http://localhost:82/gcsystem/gcs-dev/form/hydrate ####################
#################### END OF EXECUTION OF http://localhost:82/gcsystem/gcs-dev/gcs/asset/2d047826415b8b7c4d9b0b13db7373c81b1aef92.css ####################
#################### END OF EXECUTION OF http://localhost:82/gcsystem/gcs-dev/form/hydrate ####################
#################### END OF EXECUTION OF http://localhost:82/gcsystem/gcs-dev/gcs/asset/2d047826415b8b7c4d9b0b13db7373c81b1aef92.css ####################
#################### END OF EXECUTION OF http://localhost:82/gcsystem/gcs-dev/form/hydrate ####################
#################### END OF EXECUTION OF http://localhost:82/gcsystem/gcs-dev/gcs/asset/2d047826415b8b7c4d9b0b13db7373c81b1aef92.css ####################
#################### END OF EXECUTION OF http://localhost:82/gcsystem/gcs-dev/form/hydrate ####################
#################### END OF EXECUTION OF http://localhost:82/gcsystem/gcs-dev/gcs/asset/2d047826415b8b7c4d9b0b13db7373c81b1aef92.css ####################
#################### END OF EXECUTION OF http://localhost:82/gcsystem/gcs-dev/form/hydrate ####################
#################### END OF EXECUTION OF http://localhost:82/gcsystem/gcs-dev/gcs/asset/2d047826415b8b7c4d9b0b13db7373c81b1aef92.css ####################
24/10/2015 04:15:28 : [ERROR] file C:\wamp\www\gcsystem\gcs-dev\vendor\gcsystem\framework\core\system\Orm\Validation\Element\Element.php / line 175 / [2] (get_class() expects parameter 1 to be object, string given)
24/10/2015 04:15:28 : [ERROR] file C:\wamp\www\gcsystem\gcs-dev\vendor\gcsystem\framework\core\system\Orm\Validation\Element\Element.php / line 218 / [8] (Trying to get property of non-object)
24/10/2015 04:15:28 : [ERROR] file C:\wamp\www\gcsystem\gcs-dev\vendor\gcsystem\framework\core\system\Orm\Validation\Element\Element.php / line 219 / [8] (Trying to get property of non-object)
24/10/2015 04:15:28 : [ERROR] file C:\wamp\www\gcsystem\gcs-dev\vendor\gcsystem\framework\core\system\Orm\Validation\Element\Element.php / line 219 / [8] (Trying to get property of non-object)
24/10/2015 04:15:28 : [ERROR] file C:\wamp\www\gcsystem\gcs-dev\vendor\gcsystem\framework\core\system\Orm\Validation\Element\Element.php / line 220 / [8] (Trying to get property of non-object)
24/10/2015 04:15:28 : [ERROR] file C:\wamp\www\gcsystem\gcs-dev\vendor\gcsystem\framework\core\system\Orm\Validation\Element\Element.php / line 220 / [2] (Attempt to assign property of non-object)
24/10/2015 04:15:28 : [ERROR] file C:\wamp\www\gcsystem\gcs-dev\vendor\gcsystem\framework\core\system\Orm\Validation\Element\Element.php / line 248 / [8] (Trying to get property of non-object)
24/10/2015 04:15:28 : [ERROR] file C:\wamp\www\gcsystem\gcs-dev\vendor\gcsystem\framework\core\system\Orm\Validation\Element\Element.php / line 249 / [8] (Trying to get property of non-object)
24/10/2015 04:15:28 : [ERROR] file C:\wamp\www\gcsystem\gcs-dev\vendor\gcsystem\framework\core\system\Orm\Validation\Element\Element.php / line 249 / [2] (Attempt to assign property of non-object)
24/10/2015 04:15:28 : [ERROR] file C:\wamp\www\gcsystem\gcs-dev\vendor\gcsystem\framework\core\system\Orm\Validation\Element\Element.php / line 252 / [8] (Trying to get property of non-object)
24/10/2015 04:15:28 : [ERROR] file C:\wamp\www\gcsystem\gcs-dev\vendor\gcsystem\framework\core\system\Orm\Validation\Element\Element.php / line 252 / [2] (Invalid argument supplied for foreach())
#################### END OF EXECUTION OF http://localhost:82/gcsystem/gcs-dev/form/hydrate ####################
#################### END OF EXECUTION OF http://localhost:82/gcsystem/gcs-dev/gcs/asset/2d047826415b8b7c4d9b0b13db7373c81b1aef92.css ####################
24/10/2015 04:15:47 : [ERROR] file C:\wamp\www\gcsystem\gcs-dev\vendor\gcsystem\framework\core\system\Orm\Validation\Element\Element.php / line 218 / [8] (Trying to get property of non-object)
24/10/2015 04:15:47 : [ERROR] file C:\wamp\www\gcsystem\gcs-dev\vendor\gcsystem\framework\core\system\Orm\Validation\Element\Element.php / line 219 / [8] (Trying to get property of non-object)
24/10/2015 04:15:47 : [ERROR] file C:\wamp\www\gcsystem\gcs-dev\vendor\gcsystem\framework\core\system\Orm\Validation\Element\Element.php / line 219 / [8] (Trying to get property of non-object)
24/10/2015 04:15:47 : [ERROR] file C:\wamp\www\gcsystem\gcs-dev\vendor\gcsystem\framework\core\system\Orm\Validation\Element\Element.php / line 220 / [8] (Trying to get property of non-object)
24/10/2015 04:15:47 : [ERROR] file C:\wamp\www\gcsystem\gcs-dev\vendor\gcsystem\framework\core\system\Orm\Validation\Element\Element.php / line 220 / [2] (Attempt to assign property of non-object)
24/10/2015 04:15:47 : [ERROR] file C:\wamp\www\gcsystem\gcs-dev\vendor\gcsystem\framework\core\system\Orm\Validation\Element\Element.php / line 248 / [8] (Trying to get property of non-object)
24/10/2015 04:15:47 : [ERROR] file C:\wamp\www\gcsystem\gcs-dev\vendor\gcsystem\framework\core\system\Orm\Validation\Element\Element.php / line 249 / [8] (Trying to get property of non-object)
24/10/2015 04:15:47 : [ERROR] file C:\wamp\www\gcsystem\gcs-dev\vendor\gcsystem\framework\core\system\Orm\Validation\Element\Element.php / line 249 / [2] (Attempt to assign property of non-object)
24/10/2015 04:15:47 : [ERROR] file C:\wamp\www\gcsystem\gcs-dev\vendor\gcsystem\framework\core\system\Orm\Validation\Element\Element.php / line 252 / [8] (Trying to get property of non-object)
24/10/2015 04:15:47 : [ERROR] file C:\wamp\www\gcsystem\gcs-dev\vendor\gcsystem\framework\core\system\Orm\Validation\Element\Element.php / line 252 / [2] (Invalid argument supplied for foreach())
#################### END OF EXECUTION OF http://localhost:82/gcsystem/gcs-dev/form/hydrate ####################
#################### END OF EXECUTION OF http://localhost:82/gcsystem/gcs-dev/gcs/asset/2d047826415b8b7c4d9b0b13db7373c81b1aef92.css ####################
#################### END OF EXECUTION OF http://localhost:82/gcsystem/gcs-dev/form/hydrate ####################
#################### END OF EXECUTION OF http://localhost:82/gcsystem/gcs-dev/gcs/asset/2d047826415b8b7c4d9b0b13db7373c81b1aef92.css ####################
#################### END OF EXECUTION OF http://localhost:82/gcsystem/gcs-dev/form/hydrate ####################
#################### END OF EXECUTION OF http://localhost:82/gcsystem/gcs-dev/gcs/asset/2d047826415b8b7c4d9b0b13db7373c81b1aef92.css ####################
#################### END OF EXECUTION OF http://localhost:82/gcsystem/gcs-dev/form/hydrate ####################
#################### END OF EXECUTION OF http://localhost:82/gcsystem/gcs-dev/gcs/asset/2d047826415b8b7c4d9b0b13db7373c81b1aef92.css ####################
24/10/2015 04:26:17 : [ERROR] file C:\wamp\www\gcsystem\gcs-dev\vendor\gcsystem\framework\core\system\Orm\Validation\Element\Element.php / line 252 / [8] (Trying to get property of non-object)
24/10/2015 04:26:17 : [ERROR] file C:\wamp\www\gcsystem\gcs-dev\vendor\gcsystem\framework\core\system\Orm\Validation\Element\Element.php / line 252 / [2] (Invalid argument supplied for foreach())
24/10/2015 04:26:17 : [ERROR] file C:\wamp\www\gcsystem\gcs-dev\vendor\gcsystem\framework\core\system\Orm\Validation\Element\Element.php / line 252 / [8] (Trying to get property of non-object)
24/10/2015 04:26:17 : [ERROR] file C:\wamp\www\gcsystem\gcs-dev\vendor\gcsystem\framework\core\system\Orm\Validation\Element\Element.php / line 252 / [2] (Invalid argument supplied for foreach())
#################### END OF EXECUTION OF http://localhost:82/gcsystem/gcs-dev/form/hydrate ####################
#################### END OF EXECUTION OF http://localhost:82/gcsystem/gcs-dev/gcs/asset/2d047826415b8b7c4d9b0b13db7373c81b1aef92.css ####################
24/10/2015 04:26:30 : [ERROR] file C:\wamp\www\gcsystem\gcs-dev\vendor\gcsystem\framework\core\system\Orm\Validation\Element\Element.php / line 252 / [2] (Invalid argument supplied for foreach())
24/10/2015 04:26:30 : [ERROR] file C:\wamp\www\gcsystem\gcs-dev\vendor\gcsystem\framework\core\system\Orm\Validation\Element\Element.php / line 252 / [2] (Invalid argument supplied for foreach())
#################### END OF EXECUTION OF http://localhost:82/gcsystem/gcs-dev/form/hydrate ####################
#################### END OF EXECUTION OF http://localhost:82/gcsystem/gcs-dev/gcs/asset/2d047826415b8b7c4d9b0b13db7373c81b1aef92.css ####################
#################### END OF EXECUTION OF http://localhost:82/gcsystem/gcs-dev/form/hydrate ####################
#################### END OF EXECUTION OF http://localhost:82/gcsystem/gcs-dev/gcs/asset/2d047826415b8b7c4d9b0b13db7373c81b1aef92.css ####################
#################### END OF EXECUTION OF http://localhost:82/gcsystem/gcs-dev/form/hydrate ####################
#################### END OF EXECUTION OF http://localhost:82/gcsystem/gcs-dev/gcs/asset/2d047826415b8b7c4d9b0b13db7373c81b1aef92.css ####################
#################### END OF EXECUTION OF http://localhost:82/gcsystem/gcs-dev/form/hydrate ####################
#################### END OF EXECUTION OF http://localhost:82/gcsystem/gcs-dev/gcs/asset/2d047826415b8b7c4d9b0b13db7373c81b1aef92.css ####################
#################### END OF EXECUTION OF http://localhost:82/gcsystem/gcs-dev/form/hydrate ####################
#################### END OF EXECUTION OF http://localhost:82/gcsystem/gcs-dev/gcs/asset/2d047826415b8b7c4d9b0b13db7373c81b1aef92.css ####################
#################### END OF EXECUTION OF http://localhost:82/gcsystem/gcs-dev/form/hydrate ####################
#################### END OF EXECUTION OF http://localhost:82/gcsystem/gcs-dev/gcs/asset/2d047826415b8b7c4d9b0b13db7373c81b1aef92.css ####################
#################### END OF EXECUTION OF http://localhost:82/gcsystem/gcs-dev/form/hydrate ####################
#################### END OF EXECUTION OF http://localhost:82/gcsystem/gcs-dev/gcs/asset/2d047826415b8b7c4d9b0b13db7373c81b1aef92.css ####################
#################### END OF EXECUTION OF http://localhost:82/gcsystem/gcs-dev/form/hydrate ####################
#################### END OF EXECUTION OF http://localhost:82/gcsystem/gcs-dev/gcs/asset/2d047826415b8b7c4d9b0b13db7373c81b1aef92.css ####################
#################### END OF EXECUTION OF http://localhost:82/gcsystem/gcs-dev/form/hydrate ####################
#################### END OF EXECUTION OF http://localhost:82/gcsystem/gcs-dev/gcs/asset/2d047826415b8b7c4d9b0b13db7373c81b1aef92.css ####################
#################### END OF EXECUTION OF http://localhost:82/gcsystem/gcs-dev/form/hydrate ####################
#################### END OF EXECUTION OF http://localhost:82/gcsystem/gcs-dev/gcs/asset/2d047826415b8b7c4d9b0b13db7373c81b1aef92.css ####################
#################### END OF EXECUTION OF http://localhost:82/gcsystem/gcs-dev/form/hydrate ####################
#################### END OF EXECUTION OF http://localhost:82/gcsystem/gcs-dev/gcs/asset/2d047826415b8b7c4d9b0b13db7373c81b1aef92.css ####################
#################### END OF EXECUTION OF http://localhost:82/gcsystem/gcs-dev/form/hydrate ####################
#################### END OF EXECUTION OF http://localhost:82/gcsystem/gcs-dev/gcs/asset/2d047826415b8b7c4d9b0b13db7373c81b1aef92.css ####################
#################### END OF EXECUTION OF http://localhost:82/gcsystem/gcs-dev/form/hydrate ####################
#################### END OF EXECUTION OF http://localhost:82/gcsystem/gcs-dev/gcs/asset/2d047826415b8b7c4d9b0b13db7373c81b1aef92.css ####################
#################### END OF EXECUTION OF http://localhost:82/gcsystem/gcs-dev/gcs/profiler ####################
#################### END OF EXECUTION OF http://localhost:82/gcsystem/gcs-dev/gcs/asset/2d047826415b8b7c4d9b0b13db7373c81b1aef92.css ####################
#################### END OF EXECUTION OF http://localhost:82/gcsystem/gcs-dev/form/hydrate ####################
#################### END OF EXECUTION OF http://localhost:82/gcsystem/gcs-dev/gcs/asset/2d047826415b8b7c4d9b0b13db7373c81b1aef92.css ####################
#################### END OF EXECUTION OF http://localhost:82/gcsystem/gcs-dev/form/hydrate ####################
#################### END OF EXECUTION OF http://localhost:82/gcsystem/gcs-dev/gcs/asset/2d047826415b8b7c4d9b0b13db7373c81b1aef92.css ####################
#################### END OF EXECUTION OF http://localhost:82/gcsystem/gcs-dev/form/hydrate ####################
#################### END OF EXECUTION OF http://localhost:82/gcsystem/gcs-dev/gcs/asset/2d047826415b8b7c4d9b0b13db7373c81b1aef92.css ####################
#################### END OF EXECUTION OF http://localhost:82/gcsystem/gcs-dev/form/hydrate ####################
#################### END OF EXECUTION OF http://localhost:82/gcsystem/gcs-dev/gcs/asset/2d047826415b8b7c4d9b0b13db7373c81b1aef92.css ####################
#################### END OF EXECUTION OF http://localhost:82/gcsystem/gcs-dev/form/hydrate ####################
#################### END OF EXECUTION OF http://localhost:82/gcsystem/gcs-dev/gcs/asset/2d047826415b8b7c4d9b0b13db7373c81b1aef92.css ####################
#################### END OF EXECUTION OF http://localhost:82/gcsystem/gcs-dev/form/hydrate ####################
#################### END OF EXECUTION OF http://localhost:82/gcsystem/gcs-dev/gcs/asset/2d047826415b8b7c4d9b0b13db7373c81b1aef92.css ####################
#################### END OF EXECUTION OF http://localhost:82/gcsystem/gcs-dev/form/hydrate ####################
#################### END OF EXECUTION OF http://localhost:82/gcsystem/gcs-dev/gcs/asset/2d047826415b8b7c4d9b0b13db7373c81b1aef92.css ####################
#################### END OF EXECUTION OF http://localhost:82/gcsystem/gcs-dev/form/hydrate ####################
#################### END OF EXECUTION OF http://localhost:82/gcsystem/gcs-dev/gcs/asset/2d047826415b8b7c4d9b0b13db7373c81b1aef92.css ####################
#################### END OF EXECUTION OF http://localhost:82/gcsystem/gcs-dev/form/hydrate ####################
#################### END OF EXECUTION OF http://localhost:82/gcsystem/gcs-dev/gcs/asset/2d047826415b8b7c4d9b0b13db7373c81b1aef92.css ####################
#################### END OF EXECUTION OF http://localhost:82/gcsystem/gcs-dev/form/hydrate ####################
#################### END OF EXECUTION OF http://localhost:82/gcsystem/gcs-dev/gcs/asset/2d047826415b8b7c4d9b0b13db7373c81b1aef92.css ####################
#################### END OF EXECUTION OF http://localhost:82/gcsystem/gcs-dev/form/hydrate ####################
#################### END OF EXECUTION OF http://localhost:82/gcsystem/gcs-dev/gcs/asset/2d047826415b8b7c4d9b0b13db7373c81b1aef92.css ####################
#################### END OF EXECUTION OF http://localhost:82/gcsystem/gcs-dev/form/hydrate ####################
#################### END OF EXECUTION OF http://localhost:82/gcsystem/gcs-dev/gcs/asset/2d047826415b8b7c4d9b0b13db7373c81b1aef92.css ####################
#################### END OF EXECUTION OF http://localhost:82/gcsystem/gcs-dev/form/hydrate ####################
#################### END OF EXECUTION OF http://localhost:82/gcsystem/gcs-dev/gcs/asset/2d047826415b8b7c4d9b0b13db7373c81b1aef92.css ####################
#################### END OF EXECUTION OF http://localhost:82/gcsystem/gcs-dev/form/hydrate ####################
#################### END OF EXECUTION OF http://localhost:82/gcsystem/gcs-dev/gcs/asset/2d047826415b8b7c4d9b0b13db7373c81b1aef92.css ####################
#################### END OF EXECUTION OF http://localhost:82/gcsystem/gcs-dev/form/hydrate ####################
#################### END OF EXECUTION OF http://localhost:82/gcsystem/gcs-dev/gcs/asset/2d047826415b8b7c4d9b0b13db7373c81b1aef92.css ####################
#################### END OF EXECUTION OF http://localhost:82/gcsystem/gcs-dev/form ####################
#################### END OF EXECUTION OF http://localhost:82/gcsystem/gcs-dev/gcs/asset/2d047826415b8b7c4d9b0b13db7373c81b1aef92.css ####################
#################### END OF EXECUTION OF http://localhost:82/gcsystem/gcs-dev/form ####################
#################### END OF EXECUTION OF http://localhost:82/gcsystem/gcs-dev/gcs/asset/2d047826415b8b7c4d9b0b13db7373c81b1aef92.css ####################
#################### END OF EXECUTION OF http://localhost:82/gcsystem/gcs-dev/form ####################
#################### END OF EXECUTION OF http://localhost:82/gcsystem/gcs-dev/gcs/asset/2d047826415b8b7c4d9b0b13db7373c81b1aef92.css ####################
#################### END OF EXECUTION OF http://localhost:82/gcsystem/gcs-dev/form ####################
#################### END OF EXECUTION OF http://localhost:82/gcsystem/gcs-dev/gcs/asset/2d047826415b8b7c4d9b0b13db7373c81b1aef92.css ####################
#################### END OF EXECUTION OF http://localhost:82/gcsystem/gcs-dev/form ####################
#################### END OF EXECUTION OF http://localhost:82/gcsystem/gcs-dev/form ####################
#################### END OF EXECUTION OF http://localhost:82/gcsystem/gcs-dev/gcs/asset/2d047826415b8b7c4d9b0b13db7373c81b1aef92.css ####################
#################### END OF EXECUTION OF http://localhost:82/gcsystem/gcs-dev/form ####################
#################### END OF EXECUTION OF http://localhost:82/gcsystem/gcs-dev/gcs/asset/2d047826415b8b7c4d9b0b13db7373c81b1aef92.css ####################
#################### END OF EXECUTION OF http://localhost:82/gcsystem/gcs-dev/form ####################
#################### END OF EXECUTION OF http://localhost:82/gcsystem/gcs-dev/gcs/asset/2d047826415b8b7c4d9b0b13db7373c81b1aef92.css ####################
#################### END OF EXECUTION OF http://localhost:82/gcsystem/gcs-dev/form ####################
#################### END OF EXECUTION OF http://localhost:82/gcsystem/gcs-dev/gcs/asset/2d047826415b8b7c4d9b0b13db7373c81b1aef92.css ####################
#################### END OF EXECUTION OF http://localhost:82/gcsystem/gcs-dev/form ####################
#################### END OF EXECUTION OF http://localhost:82/gcsystem/gcs-dev/gcs/asset/2d047826415b8b7c4d9b0b13db7373c81b1aef92.css ####################
#################### END OF EXECUTION OF http://localhost:82/gcsystem/gcs-dev/form ####################
#################### END OF EXECUTION OF http://localhost:82/gcsystem/gcs-dev/gcs/asset/2d047826415b8b7c4d9b0b13db7373c81b1aef92.css ####################
#################### END OF EXECUTION OF http://localhost:82/gcsystem/gcs-dev/form ####################
#################### END OF EXECUTION OF http://localhost:82/gcsystem/gcs-dev/gcs/asset/2d047826415b8b7c4d9b0b13db7373c81b1aef92.css ####################
#################### END OF EXECUTION OF http://localhost:82/gcsystem/gcs-dev/form ####################
#################### END OF EXECUTION OF http://localhost:82/gcsystem/gcs-dev/gcs/asset/2d047826415b8b7c4d9b0b13db7373c81b1aef92.css ####################
#################### END OF EXECUTION OF http://localhost:82/gcsystem/gcs-dev/form ####################
#################### END OF EXECUTION OF http://localhost:82/gcsystem/gcs-dev/gcs/asset/2d047826415b8b7c4d9b0b13db7373c81b1aef92.css ####################
#################### END OF EXECUTION OF http://localhost:82/gcsystem/gcs-dev/gcs/profiler ####################
#################### END OF EXECUTION OF http://localhost:82/gcsystem/gcs-dev/gcs/asset/2d047826415b8b7c4d9b0b13db7373c81b1aef92.css ####################
#################### END OF EXECUTION OF http://localhost:82/gcsystem/gcs-dev/form ####################
#################### END OF EXECUTION OF http://localhost:82/gcsystem/gcs-dev/gcs/asset/2d047826415b8b7c4d9b0b13db7373c81b1aef92.css ####################
#################### END OF EXECUTION OF http://localhost:82/gcsystem/gcs-dev/form ####################
#################### END OF EXECUTION OF http://localhost:82/gcsystem/gcs-dev/gcs/asset/2d047826415b8b7c4d9b0b13db7373c81b1aef92.css ####################
#################### END OF EXECUTION OF http://localhost:82/gcsystem/gcs-dev/form ####################
#################### END OF EXECUTION OF http://localhost:82/gcsystem/gcs-dev/gcs/asset/2d047826415b8b7c4d9b0b13db7373c81b1aef92.css ####################
#################### END OF EXECUTION OF http://localhost:82/gcsystem/gcs-dev/form ####################
#################### END OF EXECUTION OF http://localhost:82/gcsystem/gcs-dev/gcs/profiler ####################
#################### END OF EXECUTION OF http://localhost:82/gcsystem/gcs-dev/gcs/asset/2d047826415b8b7c4d9b0b13db7373c81b1aef92.css ####################
#################### END OF EXECUTION OF http://localhost:82/gcsystem/gcs-dev/form ####################
#################### END OF EXECUTION OF http://localhost:82/gcsystem/gcs-dev/gcs/asset/2d047826415b8b7c4d9b0b13db7373c81b1aef92.css ####################
#################### END OF EXECUTION OF http://localhost:82/gcsystem/gcs-dev/form ####################
#################### END OF EXECUTION OF http://localhost:82/gcsystem/gcs-dev/gcs/asset/2d047826415b8b7c4d9b0b13db7373c81b1aef92.css ####################
#################### END OF EXECUTION OF http://localhost:82/gcsystem/gcs-dev/form ####################
#################### END OF EXECUTION OF http://localhost:82/gcsystem/gcs-dev/gcs/asset/2d047826415b8b7c4d9b0b13db7373c81b1aef92.css ####################
#################### END OF EXECUTION OF http://localhost:82/gcsystem/gcs-dev/form ####################
#################### END OF EXECUTION OF http://localhost:82/gcsystem/gcs-dev/gcs/asset/2d047826415b8b7c4d9b0b13db7373c81b1aef92.css ####################
#################### END OF EXECUTION OF http://localhost:82/gcsystem/gcs-dev/form ####################
#################### END OF EXECUTION OF http://localhost:82/gcsystem/gcs-dev/gcs/asset/2d047826415b8b7c4d9b0b13db7373c81b1aef92.css ####################
#################### END OF EXECUTION OF http://localhost:82/gcsystem/gcs-dev/form ####################
#################### END OF EXECUTION OF http://localhost:82/gcsystem/gcs-dev/gcs/asset/2d047826415b8b7c4d9b0b13db7373c81b1aef92.css ####################
#################### END OF EXECUTION OF http://localhost:82/gcsystem/gcs-dev/form ####################
#################### END OF EXECUTION OF http://localhost:82/gcsystem/gcs-dev/gcs/asset/2d047826415b8b7c4d9b0b13db7373c81b1aef92.css ####################
#################### END OF EXECUTION OF http://localhost:82/gcsystem/gcs-dev/form ####################
#################### END OF EXECUTION OF http://localhost:82/gcsystem/gcs-dev/gcs/asset/2d047826415b8b7c4d9b0b13db7373c81b1aef92.css ####################
#################### END OF EXECUTION OF http://localhost:82/gcsystem/gcs-dev/form ####################
#################### END OF EXECUTION OF http://localhost:82/gcsystem/gcs-dev/gcs/asset/2d047826415b8b7c4d9b0b13db7373c81b1aef92.css ####################
#################### END OF EXECUTION OF http://localhost:82/gcsystem/gcs-dev/form ####################
#################### END OF EXECUTION OF http://localhost:82/gcsystem/gcs-dev/gcs/asset/2d047826415b8b7c4d9b0b13db7373c81b1aef92.css ####################
#################### END OF EXECUTION OF http://localhost:82/gcsystem/gcs-dev/form ####################
#################### END OF EXECUTION OF http://localhost:82/gcsystem/gcs-dev/form ####################
#################### END OF EXECUTION OF http://localhost:82/gcsystem/gcs-dev/gcs/asset/2d047826415b8b7c4d9b0b13db7373c81b1aef92.css ####################
#################### END OF EXECUTION OF http://localhost:82/gcsystem/gcs-dev/form ####################
#################### END OF EXECUTION OF http://localhost:82/gcsystem/gcs-dev/gcs/asset/2d047826415b8b7c4d9b0b13db7373c81b1aef92.css ####################
#################### END OF EXECUTION OF http://localhost:82/gcsystem/gcs-dev/form ####################
#################### END OF EXECUTION OF http://localhost:82/gcsystem/gcs-dev/gcs/asset/2d047826415b8b7c4d9b0b13db7373c81b1aef92.css ####################
#################### END OF EXECUTION OF http://localhost:82/gcsystem/gcs-dev/form ####################
#################### END OF EXECUTION OF http://localhost:82/gcsystem/gcs-dev/gcs/asset/2d047826415b8b7c4d9b0b13db7373c81b1aef92.css ####################
#################### END OF EXECUTION OF http://localhost:82/gcsystem/gcs-dev/form ####################
#################### END OF EXECUTION OF http://localhost:82/gcsystem/gcs-dev/gcs/asset/2d047826415b8b7c4d9b0b13db7373c81b1aef92.css ####################
#################### END OF EXECUTION OF http://localhost:82/gcsystem/gcs-dev/form ####################
#################### END OF EXECUTION OF http://localhost:82/gcsystem/gcs-dev/gcs/asset/2d047826415b8b7c4d9b0b13db7373c81b1aef92.css ####################
#################### END OF EXECUTION OF http://localhost:82/gcsystem/gcs-dev/form ####################
#################### END OF EXECUTION OF http://localhost:82/gcsystem/gcs-dev/gcs/asset/2d047826415b8b7c4d9b0b13db7373c81b1aef92.css ####################
#################### END OF EXECUTION OF http://localhost:82/gcsystem/gcs-dev/form ####################
#################### END OF EXECUTION OF http://localhost:82/gcsystem/gcs-dev/gcs/asset/2d047826415b8b7c4d9b0b13db7373c81b1aef92.css ####################
#################### END OF EXECUTION OF http://localhost:82/gcsystem/gcs-dev/form ####################
#################### END OF EXECUTION OF http://localhost:82/gcsystem/gcs-dev/gcs/asset/2d047826415b8b7c4d9b0b13db7373c81b1aef92.css ####################
#################### END OF EXECUTION OF http://localhost:82/gcsystem/gcs-dev/form ####################
#################### END OF EXECUTION OF http://localhost:82/gcsystem/gcs-dev/gcs/asset/2d047826415b8b7c4d9b0b13db7373c81b1aef92.css ####################
#################### END OF EXECUTION OF http://localhost:82/gcsystem/gcs-dev/form ####################
#################### END OF EXECUTION OF http://localhost:82/gcsystem/gcs-dev/gcs/asset/2d047826415b8b7c4d9b0b13db7373c81b1aef92.css ####################
#################### END OF EXECUTION OF http://localhost:82/gcsystem/gcs-dev/form ####################
#################### END OF EXECUTION OF http://localhost:82/gcsystem/gcs-dev/gcs/asset/2d047826415b8b7c4d9b0b13db7373c81b1aef92.css ####################
#################### END OF EXECUTION OF http://localhost:82/gcsystem/gcs-dev/form ####################
#################### END OF EXECUTION OF http://localhost:82/gcsystem/gcs-dev/gcs/asset/2d047826415b8b7c4d9b0b13db7373c81b1aef92.css ####################
#################### END OF EXECUTION OF http://localhost:82/gcsystem/gcs-dev/form ####################
#################### END OF EXECUTION OF http://localhost:82/gcsystem/gcs-dev/gcs/asset/2d047826415b8b7c4d9b0b13db7373c81b1aef92.css ####################
#################### END OF EXECUTION OF http://localhost:82/gcsystem/gcs-dev/form ####################
#################### END OF EXECUTION OF http://localhost:82/gcsystem/gcs-dev/gcs/asset/2d047826415b8b7c4d9b0b13db7373c81b1aef92.css ####################
#################### END OF EXECUTION OF http://localhost:82/gcsystem/gcs-dev/ ####################
#################### END OF EXECUTION OF http://localhost:82/gcsystem/gcs-dev/gcs/asset/a5c839bd03409b2a091a7358efc82010f94efd12.css ####################
#################### END OF EXECUTION OF http://localhost:82/gcsystem/gcs-dev/ ####################
#################### END OF EXECUTION OF http://localhost:82/gcsystem/gcs-dev/gcs/asset/a5c839bd03409b2a091a7358efc82010f94efd12.css ####################
#################### END OF EXECUTION OF http://localhost:82/gcsystem/gcs-dev/ ####################
#################### END OF EXECUTION OF http://localhost:82/gcsystem/gcs-dev/gcs/asset/a5c839bd03409b2a091a7358efc82010f94efd12.css ####################
#################### END OF EXECUTION OF http://localhost:82/gcsystem/gcs-dev/ ####################
#################### END OF EXECUTION OF http://localhost:82/gcsystem/gcs-dev/gcs/asset/a5c839bd03409b2a091a7358efc82010f94efd12.css ####################
#################### END OF EXECUTION OF http://localhost:82/gcsystem/gcs-dev/ ####################
#################### END OF EXECUTION OF http://localhost:82/gcsystem/gcs-dev/gcs/asset/a5c839bd03409b2a091a7358efc82010f94efd12.css ####################
#################### END OF EXECUTION OF http://localhost:82/gcsystem/gcs-dev/ ####################
#################### END OF EXECUTION OF http://localhost:82/gcsystem/gcs-dev/gcs/profiler ####################
#################### END OF EXECUTION OF http://localhost:82/gcsystem/gcs-dev/gcs/asset/2d047826415b8b7c4d9b0b13db7373c81b1aef92.css ####################
#################### END OF EXECUTION OF http://localhost:82/gcsystem/gcs-dev/form ####################
#################### END OF EXECUTION OF http://localhost:82/gcsystem/gcs-dev/gcs/asset/2d047826415b8b7c4d9b0b13db7373c81b1aef92.css ####################
#################### END OF EXECUTION OF http://localhost:82/gcsystem/gcs-dev/ ####################
#################### END OF EXECUTION OF http://localhost:82/gcsystem/gcs-dev/gcs/asset/a5c839bd03409b2a091a7358efc82010f94efd12.css ####################
#################### END OF EXECUTION OF http://localhost:82/gcsystem/gcs-dev/gcs/profiler ####################
#################### END OF EXECUTION OF http://localhost:82/gcsystem/gcs-dev/gcs/asset/2d047826415b8b7c4d9b0b13db7373c81b1aef92.css ####################
#################### END OF EXECUTION OF http://localhost:82/gcsystem/gcs-dev/ ####################
#################### END OF EXECUTION OF http://localhost:82/gcsystem/gcs-dev/gcs/asset/a5c839bd03409b2a091a7358efc82010f94efd12.css ####################
#################### END OF EXECUTION OF http://localhost:82/gcsystem/gcs-dev/ ####################
#################### END OF EXECUTION OF http://localhost:82/gcsystem/gcs-dev/form ####################
#################### END OF EXECUTION OF http://localhost:82/gcsystem/gcs-dev/gcs/asset/2d047826415b8b7c4d9b0b13db7373c81b1aef92.css ####################
#################### END OF EXECUTION OF http://localhost:82/gcsystem/gcs-dev/form ####################
#################### END OF EXECUTION OF http://localhost:82/gcsystem/gcs-dev/gcs/asset/2d047826415b8b7c4d9b0b13db7373c81b1aef92.css ####################
#################### END OF EXECUTION OF http://localhost:82/gcsystem/gcs-dev/hydrate ####################
#################### END OF EXECUTION OF http://localhost:82/gcsystem/gcs-dev/form/hydrate ####################
#################### END OF EXECUTION OF http://localhost:82/gcsystem/gcs-dev/gcs/asset/2d047826415b8b7c4d9b0b13db7373c81b1aef92.css ####################
#################### END OF EXECUTION OF http://localhost:82/gcsystem/gcs-dev/form/hydrate ####################
#################### END OF EXECUTION OF http://localhost:82/gcsystem/gcs-dev/gcs/asset/2d047826415b8b7c4d9b0b13db7373c81b1aef92.css ####################
#################### END OF EXECUTION OF http://localhost:82/gcsystem/gcs-dev/form/hydrate ####################
#################### END OF EXECUTION OF http://localhost:82/gcsystem/gcs-dev/gcs/asset/2d047826415b8b7c4d9b0b13db7373c81b1aef92.css ####################
#################### END OF EXECUTION OF http://localhost:82/gcsystem/gcs-dev/form/hydrate ####################
#################### END OF EXECUTION OF http://localhost:82/gcsystem/gcs-dev/gcs/asset/2d047826415b8b7c4d9b0b13db7373c81b1aef92.css ####################
#################### END OF EXECUTION OF http://localhost:82/gcsystem/gcs-dev/form/hydrate ####################
#################### END OF EXECUTION OF http://localhost:82/gcsystem/gcs-dev/gcs/asset/2d047826415b8b7c4d9b0b13db7373c81b1aef92.css ####################
#################### END OF EXECUTION OF http://localhost:82/gcsystem/gcs-dev/form/hydrate ####################
#################### END OF EXECUTION OF http://localhost:82/gcsystem/gcs-dev/gcs/asset/2d047826415b8b7c4d9b0b13db7373c81b1aef92.css ####################
#################### END OF EXECUTION OF http://localhost:82/gcsystem/gcs-dev/form/hydrate ####################
#################### END OF EXECUTION OF http://localhost:82/gcsystem/gcs-dev/gcs/asset/2d047826415b8b7c4d9b0b13db7373c81b1aef92.css ####################
#################### END OF EXECUTION OF http://localhost:82/gcsystem/gcs-dev/form/hydrate ####################
#################### END OF EXECUTION OF http://localhost:82/gcsystem/gcs-dev/gcs/asset/2d047826415b8b7c4d9b0b13db7373c81b1aef92.css ####################
#################### END OF EXECUTION OF http://localhost:82/gcsystem/gcs-dev/form/hydrate ####################
#################### END OF EXECUTION OF http://localhost:82/gcsystem/gcs-dev/gcs/asset/2d047826415b8b7c4d9b0b13db7373c81b1aef92.css ####################
#################### END OF EXECUTION OF http://localhost:82/gcsystem/gcs-dev/form/hydrate ####################
#################### END OF EXECUTION OF http://localhost:82/gcsystem/gcs-dev/gcs/asset/2d047826415b8b7c4d9b0b13db7373c81b1aef92.css ####################
16/11/2015 07:00:17 : [ERROR] file C:\wamp\www\gcsystem\gcs-dev\vendor\gcsystem\framework\core\system\Orm\Validation\Element\Element.php / line 421 / [8] (Undefined index: query)
16/11/2015 07:00:17 : [ERROR] file C:\wamp\www\gcsystem\gcs-dev\vendor\gcsystem\framework\core\system\Orm\Validation\Element\Element.php / line 423 / [8] (Undefined index: query)
16/11/2015 07:00:17 : [ERROR] file C:\wamp\www\gcsystem\gcs-dev\vendor\gcsystem\framework\core\system\Orm\Validation\Element\Element.php / line 428 / [8] (Undefined index: constraint)
#################### END OF EXECUTION OF http://localhost:82/gcsystem/gcs-dev/form/hydrate ####################
#################### END OF EXECUTION OF http://localhost:82/gcsystem/gcs-dev/gcs/asset/2d047826415b8b7c4d9b0b13db7373c81b1aef92.css ####################
16/11/2015 07:00:56 : [ERROR] file C:\wamp\www\gcsystem\gcs-dev\vendor\gcsystem\framework\core\system\Sql\Sql.php / line 291 / [2] (PDOStatement::execute(): SQLSTATE[HY093]: Invalid parameter number: no parameters were bound)
#################### END OF EXECUTION OF http://localhost:82/gcsystem/gcs-dev/form/hydrate ####################
#################### END OF EXECUTION OF http://localhost:82/gcsystem/gcs-dev/gcs/asset/2d047826415b8b7c4d9b0b13db7373c81b1aef92.css ####################
#################### END OF EXECUTION OF http://localhost:82/gcsystem/gcs-dev/gcs/profiler ####################
#################### END OF EXECUTION OF http://localhost:82/gcsystem/gcs-dev/gcs/asset/2d047826415b8b7c4d9b0b13db7373c81b1aef92.css ####################
#################### END OF EXECUTION OF http://localhost:82/gcsystem/gcs-dev/gcs/profiler ####################
#################### END OF EXECUTION OF http://localhost:82/gcsystem/gcs-dev/gcs/asset/2d047826415b8b7c4d9b0b13db7373c81b1aef92.css ####################
#################### END OF EXECUTION OF http://localhost:82/gcsystem/gcs-dev/ ####################
#################### END OF EXECUTION OF http://localhost:82/gcsystem/gcs-dev/gcs/asset/a5c839bd03409b2a091a7358efc82010f94efd12.css ####################
16/11/2015 07:02:14 : [ERROR] file C:\wamp\www\gcsystem\gcs-dev\vendor\gcsystem\framework\core\system\Orm\Validation\Element\Element.php / line 423 / [8] (Undefined index: vars)
16/11/2015 07:02:14 : [ERROR] file C:\wamp\www\gcsystem\gcs-dev\vendor\gcsystem\framework\core\system\Sql\Sql.php / line 291 / [2] (PDOStatement::execute(): SQLSTATE[HY093]: Invalid parameter number: no parameters were bound)
#################### END OF EXECUTION OF http://localhost:82/gcsystem/gcs-dev/form/hydrate ####################
#################### END OF EXECUTION OF http://localhost:82/gcsystem/gcs-dev/gcs/asset/2d047826415b8b7c4d9b0b13db7373c81b1aef92.css ####################
16/11/2015 07:02:39 : [ERROR] file C:\wamp\www\gcsystem\gcs-dev\vendor\gcsystem\framework\core\system\Sql\Sql.php / line 291 / [2] (PDOStatement::execute(): SQLSTATE[HY093]: Invalid parameter number: no parameters were bound)
#################### END OF EXECUTION OF http://localhost:82/gcsystem/gcs-dev/form/hydrate ####################
#################### END OF EXECUTION OF http://localhost:82/gcsystem/gcs-dev/gcs/asset/2d047826415b8b7c4d9b0b13db7373c81b1aef92.css ####################
16/11/2015 07:03:07 : [ERROR] file C:\wamp\www\gcsystem\gcs-dev\vendor\gcsystem\framework\core\system\Sql\Sql.php / line 291 / [2] (PDOStatement::execute(): SQLSTATE[HY093]: Invalid parameter number: no parameters were bound)
#################### END OF EXECUTION OF http://localhost:82/gcsystem/gcs-dev/form/hydrate ####################
#################### END OF EXECUTION OF http://localhost:82/gcsystem/gcs-dev/gcs/asset/2d047826415b8b7c4d9b0b13db7373c81b1aef92.css ####################
16/11/2015 07:04:18 : [ERROR] file C:\wamp\www\gcsystem\gcs-dev\vendor\gcsystem\framework\core\system\Sql\Sql.php / line 291 / [2] (PDOStatement::execute(): SQLSTATE[HY093]: Invalid parameter number: no parameters were bound)
#################### END OF EXECUTION OF http://localhost:82/gcsystem/gcs-dev/form/hydrate ####################
#################### END OF EXECUTION OF http://localhost:82/gcsystem/gcs-dev/gcs/asset/2d047826415b8b7c4d9b0b13db7373c81b1aef92.css ####################
16/11/2015 07:05:08 : [ERROR] file C:\wamp\www\gcsystem\gcs-dev\vendor\gcsystem\framework\core\system\Sql\Sql.php / line 293 / [2] (PDOStatement::execute(): SQLSTATE[HY093]: Invalid parameter number: no parameters were bound)
#################### END OF EXECUTION OF http://localhost:82/gcsystem/gcs-dev/form/hydrate ####################
#################### END OF EXECUTION OF http://localhost:82/gcsystem/gcs-dev/gcs/asset/2d047826415b8b7c4d9b0b13db7373c81b1aef92.css ####################
16/11/2015 07:06:15 : [ERROR] file C:\wamp\www\gcsystem\gcs-dev\vendor\gcsystem\framework\core\system\Sql\Sql.php / line 291 / [2] (PDOStatement::execute(): SQLSTATE[HY093]: Invalid parameter number: no parameters were bound)
#################### END OF EXECUTION OF http://localhost:82/gcsystem/gcs-dev/form/hydrate ####################
#################### END OF EXECUTION OF http://localhost:82/gcsystem/gcs-dev/gcs/asset/2d047826415b8b7c4d9b0b13db7373c81b1aef92.css ####################
16/11/2015 07:06:36 : [ERROR] file C:\wamp\www\gcsystem\gcs-dev\vendor\gcsystem\framework\core\system\Sql\Sql.php / line 291 / [2] (PDOStatement::execute(): SQLSTATE[HY093]: Invalid parameter number: no parameters were bound)
#################### END OF EXECUTION OF http://localhost:82/gcsystem/gcs-dev/form/hydrate ####################
#################### END OF EXECUTION OF http://localhost:82/gcsystem/gcs-dev/gcs/asset/2d047826415b8b7c4d9b0b13db7373c81b1aef92.css ####################
16/11/2015 07:10:42 : [ERROR] file C:\wamp\www\gcsystem\gcs-dev\vendor\gcsystem\framework\core\system\Sql\Sql.php / line 291 / [2] (PDOStatement::execute(): SQLSTATE[HY093]: Invalid parameter number: no parameters were bound)
#################### END OF EXECUTION OF http://localhost:82/gcsystem/gcs-dev/form/hydrate ####################
#################### END OF EXECUTION OF http://localhost:82/gcsystem/gcs-dev/gcs/asset/2d047826415b8b7c4d9b0b13db7373c81b1aef92.css ####################
16/11/2015 07:11:40 : [ERROR] file C:\wamp\www\gcsystem\gcs-dev\vendor\gcsystem\framework\core\system\Sql\Sql.php / line 291 / [2] (PDOStatement::execute(): SQLSTATE[HY093]: Invalid parameter number: no parameters were bound)
#################### END OF EXECUTION OF http://localhost:82/gcsystem/gcs-dev/form/hydrate ####################
16/11/2015 07:12:11 : [ERROR] file C:\wamp\www\gcsystem\gcs-dev\vendor\gcsystem\framework\core\system\Sql\Sql.php / line 291 / [2] (PDOStatement::execute(): SQLSTATE[HY093]: Invalid parameter number: no parameters were bound)
#################### END OF EXECUTION OF http://localhost:82/gcsystem/gcs-dev/form/hydrate ####################
#################### END OF EXECUTION OF http://localhost:82/gcsystem/gcs-dev/gcs/asset/2d047826415b8b7c4d9b0b13db7373c81b1aef92.css ####################
#################### END OF EXECUTION OF http://localhost:82/gcsystem/gcs-dev/form/hydrate ####################
#################### END OF EXECUTION OF http://localhost:82/gcsystem/gcs-dev/gcs/asset/2d047826415b8b7c4d9b0b13db7373c81b1aef92.css ####################
#################### END OF EXECUTION OF http://localhost:82/gcsystem/gcs-dev/gcs/profiler ####################
#################### END OF EXECUTION OF http://localhost:82/gcsystem/gcs-dev/gcs/asset/2d047826415b8b7c4d9b0b13db7373c81b1aef92.css ####################
#################### END OF EXECUTION OF http://localhost:82/gcsystem/gcs-dev/ ####################
#################### END OF EXECUTION OF http://localhost:82/gcsystem/gcs-dev/gcs/asset/a5c839bd03409b2a091a7358efc82010f94efd12.css ####################
#################### END OF EXECUTION OF http://localhost:82/gcsystem/gcs-dev/form/hydrate ####################
#################### END OF EXECUTION OF http://localhost:82/gcsystem/gcs-dev/gcs/asset/2d047826415b8b7c4d9b0b13db7373c81b1aef92.css ####################
#################### END OF EXECUTION OF http://localhost:82/gcsystem/gcs-dev/form/hydrate ####################
#################### END OF EXECUTION OF http://localhost:82/gcsystem/gcs-dev/gcs/asset/2d047826415b8b7c4d9b0b13db7373c81b1aef92.css ####################
#################### END OF EXECUTION OF http://localhost:82/gcsystem/gcs-dev/gcs/profiler ####################
#################### END OF EXECUTION OF http://localhost:82/gcsystem/gcs-dev/gcs/asset/2d047826415b8b7c4d9b0b13db7373c81b1aef92.css ####################
#################### END OF EXECUTION OF http://localhost:82/gcsystem/gcs-dev/form/hydrate ####################
#################### END OF EXECUTION OF http://localhost:82/gcsystem/gcs-dev/gcs/asset/2d047826415b8b7c4d9b0b13db7373c81b1aef92.css ####################
#################### END OF EXECUTION OF http://localhost:82/gcsystem/gcs-dev/form/hydrate ####################
#################### END OF EXECUTION OF http://localhost:82/gcsystem/gcs-dev/gcs/asset/2d047826415b8b7c4d9b0b13db7373c81b1aef92.css ####################
#################### END OF EXECUTION OF http://localhost:82/gcsystem/gcs-dev/form/hydrate ####################
#################### END OF EXECUTION OF http://localhost:82/gcsystem/gcs-dev/gcs/asset/2d047826415b8b7c4d9b0b13db7373c81b1aef92.css ####################
#################### END OF EXECUTION OF http://localhost:82/gcsystem/gcs-dev/form/hydrate ####################
#################### END OF EXECUTION OF http://localhost:82/gcsystem/gcs-dev/gcs/asset/2d047826415b8b7c4d9b0b13db7373c81b1aef92.css ####################
#################### END OF EXECUTION OF http://localhost:82/gcsystem/gcs-dev/form/hydrate ####################
#################### END OF EXECUTION OF http://localhost:82/gcsystem/gcs-dev/gcs/asset/2d047826415b8b7c4d9b0b13db7373c81b1aef92.css ####################
#################### END OF EXECUTION OF http://localhost:82/gcsystem/gcs-dev/form/hydrate ####################
#################### END OF EXECUTION OF http://localhost:82/gcsystem/gcs-dev/gcs/asset/2d047826415b8b7c4d9b0b13db7373c81b1aef92.css ####################
#################### END OF EXECUTION OF http://localhost:82/gcsystem/gcs-dev/gcs/profiler ####################
#################### END OF EXECUTION OF http://localhost:82/gcsystem/gcs-dev/gcs/asset/2d047826415b8b7c4d9b0b13db7373c81b1aef92.css ####################
#################### END OF EXECUTION OF http://localhost:82/gcsystem/gcs-dev/form/hydrate ####################
#################### END OF EXECUTION OF http://localhost:82/gcsystem/gcs-dev/gcs/asset/2d047826415b8b7c4d9b0b13db7373c81b1aef92.css ####################
#################### END OF EXECUTION OF http://localhost:82/gcsystem/gcs-dev/form/hydrate ####################
#################### END OF EXECUTION OF http://localhost:82/gcsystem/gcs-dev/gcs/asset/2d047826415b8b7c4d9b0b13db7373c81b1aef92.css ####################
#################### END OF EXECUTION OF http://localhost:82/gcsystem/gcs-dev/form/hydrate ####################
#################### END OF EXECUTION OF http://localhost:82/gcsystem/gcs-dev/gcs/asset/2d047826415b8b7c4d9b0b13db7373c81b1aef92.css ####################
#################### END OF EXECUTION OF http://localhost:82/gcsystem/gcs-dev/form/hydrate ####################
#################### END OF EXECUTION OF http://localhost:82/gcsystem/gcs-dev/gcs/asset/2d047826415b8b7c4d9b0b13db7373c81b1aef92.css ####################
#################### END OF EXECUTION OF http://localhost:82/gcsystem/gcs-dev/form/hydrate ####################
#################### END OF EXECUTION OF http://localhost:82/gcsystem/gcs-dev/gcs/asset/2d047826415b8b7c4d9b0b13db7373c81b1aef92.css ####################
#################### END OF EXECUTION OF http://localhost:82/gcsystem/gcs-dev/form/hydrate ####################
#################### END OF EXECUTION OF http://localhost:82/gcsystem/gcs-dev/gcs/asset/2d047826415b8b7c4d9b0b13db7373c81b1aef92.css ####################
#################### END OF EXECUTION OF http://localhost:82/gcsystem/gcs-dev/gcs/profiler ####################
#################### END OF EXECUTION OF http://localhost:82/gcsystem/gcs-dev/gcs/asset/2d047826415b8b7c4d9b0b13db7373c81b1aef92.css ####################
#################### END OF EXECUTION OF http://localhost:82/gcsystem/gcs-dev/form/hydrate ####################
#################### END OF EXECUTION OF http://localhost:82/gcsystem/gcs-dev/gcs/asset/2d047826415b8b7c4d9b0b13db7373c81b1aef92.css ####################
#################### END OF EXECUTION OF http://localhost:82/gcsystem/gcs-dev/gcs/profiler ####################
#################### END OF EXECUTION OF http://localhost:82/gcsystem/gcs-dev/gcs/asset/2d047826415b8b7c4d9b0b13db7373c81b1aef92.css ####################
#################### END OF EXECUTION OF http://localhost:82/gcsystem/gcs-dev/gcs/profiler ####################
#################### END OF EXECUTION OF http://localhost:82/gcsystem/gcs-dev/gcs/asset/2d047826415b8b7c4d9b0b13db7373c81b1aef92.css ####################
#################### END OF EXECUTION OF http://localhost:82/gcsystem/gcs-dev/form/hydrate ####################
#################### END OF EXECUTION OF http://localhost:82/gcsystem/gcs-dev/gcs/asset/2d047826415b8b7c4d9b0b13db7373c81b1aef92.css ####################
#################### END OF EXECUTION OF http://localhost:82/gcsystem/gcs-dev/gcs/profiler ####################
#################### END OF EXECUTION OF http://localhost:82/gcsystem/gcs-dev/gcs/asset/2d047826415b8b7c4d9b0b13db7373c81b1aef92.css ####################
#################### END OF EXECUTION OF http://localhost:82/gcsystem/gcs-dev/form/hydrate ####################
#################### END OF EXECUTION OF http://localhost:82/gcsystem/gcs-dev/gcs/asset/2d047826415b8b7c4d9b0b13db7373c81b1aef92.css ####################
#################### END OF EXECUTION OF http://localhost:82/gcsystem/gcs-dev/form/hydrate ####################
#################### END OF EXECUTION OF http://localhost:82/gcsystem/gcs-dev/gcs/asset/2d047826415b8b7c4d9b0b13db7373c81b1aef92.css ####################
#################### END OF EXECUTION OF http://localhost:82/gcsystem/gcs-dev/form/hydrate ####################
#################### END OF EXECUTION OF http://localhost:82/gcsystem/gcs-dev/gcs/asset/2d047826415b8b7c4d9b0b13db7373c81b1aef92.css ####################
#################### END OF EXECUTION OF http://localhost:82/gcsystem/gcs-dev/form/hydrate ####################
#################### END OF EXECUTION OF http://localhost:82/gcsystem/gcs-dev/gcs/asset/2d047826415b8b7c4d9b0b13db7373c81b1aef92.css ####################
#################### END OF EXECUTION OF http://localhost:82/gcsystem/gcs-dev/form/hydrate ####################
#################### END OF EXECUTION OF http://localhost:82/gcsystem/gcs-dev/gcs/asset/2d047826415b8b7c4d9b0b13db7373c81b1aef92.css ####################
#################### END OF EXECUTION OF http://localhost:82/gcsystem/gcs-dev/form/hydrate ####################
#################### END OF EXECUTION OF http://localhost:82/gcsystem/gcs-dev/gcs/asset/2d047826415b8b7c4d9b0b13db7373c81b1aef92.css ####################
#################### END OF EXECUTION OF http://localhost:82/gcsystem/gcs-dev/form/hydrate ####################
#################### END OF EXECUTION OF http://localhost:82/gcsystem/gcs-dev/gcs/asset/2d047826415b8b7c4d9b0b13db7373c81b1aef92.css ####################
#################### END OF EXECUTION OF http://localhost:82/gcsystem/gcs-dev/gcs/profiler ####################
#################### END OF EXECUTION OF http://localhost:82/gcsystem/gcs-dev/gcs/asset/2d047826415b8b7c4d9b0b13db7373c81b1aef92.css ####################
#################### END OF EXECUTION OF http://localhost:82/gcsystem/gcs-dev/form/hydrate ####################
#################### END OF EXECUTION OF http://localhost:82/gcsystem/gcs-dev/gcs/asset/2d047826415b8b7c4d9b0b13db7373c81b1aef92.css ####################
#################### END OF EXECUTION OF http://localhost:82/gcsystem/gcs-dev/gcs/profiler ####################
#################### END OF EXECUTION OF http://localhost:82/gcsystem/gcs-dev/gcs/asset/2d047826415b8b7c4d9b0b13db7373c81b1aef92.css ####################
#################### END OF EXECUTION OF http://localhost:82/gcsystem/gcs-dev/form/hydrate ####################
#################### END OF EXECUTION OF http://localhost:82/gcsystem/gcs-dev/gcs/asset/2d047826415b8b7c4d9b0b13db7373c81b1aef92.css ####################
#################### END OF EXECUTION OF http://localhost:82/gcsystem/gcs-dev/form/hydrate ####################
#################### END OF EXECUTION OF http://localhost:82/gcsystem/gcs-dev/gcs/asset/2d047826415b8b7c4d9b0b13db7373c81b1aef92.css ####################
#################### END OF EXECUTION OF http://localhost:82/gcsystem/gcs-dev/form/hydrate ####################
#################### END OF EXECUTION OF http://localhost:82/gcsystem/gcs-dev/gcs/asset/2d047826415b8b7c4d9b0b13db7373c81b1aef92.css ####################
#################### END OF EXECUTION OF http://localhost:82/gcsystem/gcs-dev/form/hydrate ####################
#################### END OF EXECUTION OF http://localhost:82/gcsystem/gcs-dev/gcs/asset/2d047826415b8b7c4d9b0b13db7373c81b1aef92.css ####################
#################### END OF EXECUTION OF http://localhost:82/gcsystem/gcs-dev/form/hydrate ####################
#################### END OF EXECUTION OF http://localhost:82/gcsystem/gcs-dev/gcs/asset/2d047826415b8b7c4d9b0b13db7373c81b1aef92.css ####################
#################### END OF EXECUTION OF http://localhost:82/gcsystem/gcs-dev/gcs/profiler ####################
#################### END OF EXECUTION OF http://localhost:82/gcsystem/gcs-dev/gcs/asset/2d047826415b8b7c4d9b0b13db7373c81b1aef92.css ####################
#################### END OF EXECUTION OF http://localhost:82/gcsystem/gcs-dev/form/hydrate ####################
#################### END OF EXECUTION OF http://localhost:82/gcsystem/gcs-dev/gcs/asset/2d047826415b8b7c4d9b0b13db7373c81b1aef92.css ####################
