19/10/2015 03:36:10 : [INFORMATION] file 303 / line C:\wamp\www\gcsystem\gcs-dev\vendor\gcsystem\framework\core\system\Sql\Sql.php / 
[gcs] [index] [get] [orm-2213]SELECT article.id AS article_id, article.title AS article_title, article.content AS article_content, (SELECT COUNT(*) FROM Post WHERE Post.article = article.id) AS count_one_article_posts FROM article
19/10/2015 03:36:10 : [INFORMATION] file 303 / line C:\wamp\www\gcsystem\gcs-dev\vendor\gcsystem\framework\core\system\Sql\Sql.php / 
[gcs] [index] [get] [orm-8900]SELECT post.id AS post_id, post.content AS post_content, post.article AS post_article, post.file AS post_file, article.id AS article_id, article.title AS article_title, article.content AS article_content FROM post INNER JOIN article ON post.article = article.id WHERE post.article IN( '1', '2', '3', '4', '5', '6', '7') ORDER BY post.article ASC
19/10/2015 03:36:12 : [INFORMATION] file 303 / line C:\wamp\www\gcsystem\gcs-dev\vendor\gcsystem\framework\core\system\Sql\Sql.php / 
[gcs] [index] [post] [orm-4752]SELECT post.id AS post_id, post.content AS post_content, post.article AS post_article, post.file AS post_file, article.id AS article_id, article.title AS article_title, article.content AS article_content FROM post INNER JOIN article ON post.article = article.id WHERE post.id = ''
19/10/2015 03:36:12 : [INFORMATION] file 303 / line C:\wamp\www\gcsystem\gcs-dev\vendor\gcsystem\framework\core\system\Sql\Sql.php / 
[gcs] [index] [post] [orm-4942]SELECT article.id AS article_id, article.title AS article_title, article.content AS article_content, (SELECT COUNT(*) FROM Post WHERE Post.article = article.id) AS count_one_article_posts FROM article WHERE article.id = '1'
19/10/2015 03:36:12 : [INFORMATION] file 303 / line C:\wamp\www\gcsystem\gcs-dev\vendor\gcsystem\framework\core\system\Sql\Sql.php / 
[gcs] [index] [post] [orm-9110]SELECT post.id AS post_id, post.content AS post_content, post.article AS post_article, post.file AS post_file, article.id AS article_id, article.title AS article_title, article.content AS article_content FROM post INNER JOIN article ON post.article = article.id WHERE post.article IN( '1') ORDER BY post.article ASC
19/10/2015 03:36:12 : [INFORMATION] file 303 / line C:\wamp\www\gcsystem\gcs-dev\vendor\gcsystem\framework\core\system\Sql\Sql.php / 
[gcs] [index] [post] [orm-8486]SELECT article.id AS article_id, article.title AS article_title, article.content AS article_content, (SELECT COUNT(*) FROM Post WHERE Post.article = article.id) AS count_one_article_posts FROM article
19/10/2015 03:36:12 : [INFORMATION] file 303 / line C:\wamp\www\gcsystem\gcs-dev\vendor\gcsystem\framework\core\system\Sql\Sql.php / 
[gcs] [index] [post] [orm-5230]SELECT post.id AS post_id, post.content AS post_content, post.article AS post_article, post.file AS post_file, article.id AS article_id, article.title AS article_title, article.content AS article_content FROM post INNER JOIN article ON post.article = article.id WHERE post.article IN( '1', '2', '3', '4', '5', '6', '7') ORDER BY post.article ASC
19/10/2015 16:52:30 : [INFORMATION] file 303 / line C:\wamp\www\gcsystem\gcs-dev\vendor\gcsystem\framework\core\system\Sql\Sql.php / 
[gcs] [index] [default] [orm-9851]SELECT student.id AS student_id, student.name AS student_name, (SELECT COUNT(*) FROM Courseidstudentid WHERE Course_id = student.id) AS count_many_student_courses FROM student INNER JOIN CourseIdStudentId ON CourseIdStudentId.student_id = student.id INNER JOIN course ON CourseIdStudentId.Course_id = course.id WHERE student.id = 1
19/10/2015 16:52:30 : [INFORMATION] file 303 / line C:\wamp\www\gcsystem\gcs-dev\vendor\gcsystem\framework\core\system\Sql\Sql.php / 
[gcs] [index] [default] [orm-7641]SELECT CourseIdStudentId.id AS CourseIdStudentId_id, CourseIdStudentId.student_id AS CourseIdStudentId_student_id, CourseIdStudentId.course_id AS CourseIdStudentId_course_id, CourseIdStudentId.count AS CourseIdStudentId_count, student.id AS student_id, student.name AS student_name, course.id AS course_id, course.name AS course_name FROM CourseIdStudentId INNER JOIN student ON CourseIdStudentId.student_id = student.id INNER JOIN course ON CourseIdStudentId.course_id = course.id WHERE course_id IN( '1') ORDER BY course_id ASC
19/10/2015 16:53:40 : [INFORMATION] file 303 / line C:\wamp\www\gcsystem\gcs-dev\vendor\gcsystem\framework\core\system\Sql\Sql.php / 
[gcs] [index] [default] [orm-2281]SELECT student.id AS student_id, student.name AS student_name, (SELECT COUNT(*) FROM Courseidstudentid WHERE Course_id = student.id) AS count_many_student_courses FROM student INNER JOIN CourseIdStudentId ON CourseIdStudentId.student_id = student.id INNER JOIN course ON CourseIdStudentId.Course_id = course.id WHERE student.id = 1
19/10/2015 16:53:40 : [INFORMATION] file 303 / line C:\wamp\www\gcsystem\gcs-dev\vendor\gcsystem\framework\core\system\Sql\Sql.php / 
[gcs] [index] [default] [orm-3112]SELECT CourseIdStudentId.id AS CourseIdStudentId_id, CourseIdStudentId.student_id AS CourseIdStudentId_student_id, CourseIdStudentId.course_id AS CourseIdStudentId_course_id, CourseIdStudentId.count AS CourseIdStudentId_count, student.id AS student_id, student.name AS student_name, course.id AS course_id, course.name AS course_name FROM CourseIdStudentId INNER JOIN student ON CourseIdStudentId.student_id = student.id INNER JOIN course ON CourseIdStudentId.course_id = course.id WHERE course_id IN( '1') ORDER BY course_id ASC
19/10/2015 16:53:47 : [INFORMATION] file 303 / line C:\wamp\www\gcsystem\gcs-dev\vendor\gcsystem\framework\core\system\Sql\Sql.php / 
[gcs] [index] [default] [orm-4020]SELECT student.id AS student_id, student.name AS student_name, (SELECT COUNT(*) FROM Courseidstudentid WHERE Course_id = student.id) AS count_many_student_courses FROM student INNER JOIN CourseIdStudentId ON CourseIdStudentId.student_id = student.id INNER JOIN course ON CourseIdStudentId.Course_id = course.id WHERE student.id = 1
19/10/2015 16:53:47 : [INFORMATION] file 303 / line C:\wamp\www\gcsystem\gcs-dev\vendor\gcsystem\framework\core\system\Sql\Sql.php / 
[gcs] [index] [default] [orm-3167]SELECT CourseIdStudentId.id AS CourseIdStudentId_id, CourseIdStudentId.student_id AS CourseIdStudentId_student_id, CourseIdStudentId.course_id AS CourseIdStudentId_course_id, CourseIdStudentId.count AS CourseIdStudentId_count, student.id AS student_id, student.name AS student_name, course.id AS course_id, course.name AS course_name FROM CourseIdStudentId INNER JOIN student ON CourseIdStudentId.student_id = student.id INNER JOIN course ON CourseIdStudentId.course_id = course.id WHERE course_id IN( '1') ORDER BY course_id ASC
19/10/2015 16:53:53 : [INFORMATION] file 303 / line C:\wamp\www\gcsystem\gcs-dev\vendor\gcsystem\framework\core\system\Sql\Sql.php / 
[gcs] [index] [default] [orm-4134]SELECT student.id AS student_id, student.name AS student_name, (SELECT COUNT(*) FROM Courseidstudentid WHERE Course_id = student.id) AS count_many_student_courses FROM student INNER JOIN CourseIdStudentId ON CourseIdStudentId.student_id = student.id INNER JOIN course ON CourseIdStudentId.Course_id = course.id WHERE student.id = 1
19/10/2015 16:53:53 : [INFORMATION] file 303 / line C:\wamp\www\gcsystem\gcs-dev\vendor\gcsystem\framework\core\system\Sql\Sql.php / 
[gcs] [index] [default] [orm-355]SELECT CourseIdStudentId.id AS CourseIdStudentId_id, CourseIdStudentId.student_id AS CourseIdStudentId_student_id, CourseIdStudentId.course_id AS CourseIdStudentId_course_id, CourseIdStudentId.count AS CourseIdStudentId_count, student.id AS student_id, student.name AS student_name, course.id AS course_id, course.name AS course_name FROM CourseIdStudentId INNER JOIN student ON CourseIdStudentId.student_id = student.id INNER JOIN course ON CourseIdStudentId.course_id = course.id WHERE course_id IN( '1') ORDER BY course_id ASC
19/10/2015 16:53:59 : [INFORMATION] file 303 / line C:\wamp\www\gcsystem\gcs-dev\vendor\gcsystem\framework\core\system\Sql\Sql.php / 
[gcs] [index] [default] [orm-7779]SELECT student.id AS student_id, student.name AS student_name, (SELECT COUNT(*) FROM Courseidstudentid WHERE Course_id = student.id) AS count_many_student_courses FROM student INNER JOIN CourseIdStudentId ON CourseIdStudentId.student_id = student.id INNER JOIN course ON CourseIdStudentId.Course_id = course.id WHERE student.id = 1
19/10/2015 16:53:59 : [INFORMATION] file 303 / line C:\wamp\www\gcsystem\gcs-dev\vendor\gcsystem\framework\core\system\Sql\Sql.php / 
[gcs] [index] [default] [orm-5233]SELECT CourseIdStudentId.id AS CourseIdStudentId_id, CourseIdStudentId.student_id AS CourseIdStudentId_student_id, CourseIdStudentId.course_id AS CourseIdStudentId_course_id, CourseIdStudentId.count AS CourseIdStudentId_count, student.id AS student_id, student.name AS student_name, course.id AS course_id, course.name AS course_name FROM CourseIdStudentId INNER JOIN student ON CourseIdStudentId.student_id = student.id INNER JOIN course ON CourseIdStudentId.course_id = course.id WHERE course_id IN( '1') ORDER BY course_id ASC
19/10/2015 16:54:12 : [INFORMATION] file 303 / line C:\wamp\www\gcsystem\gcs-dev\vendor\gcsystem\framework\core\system\Sql\Sql.php / 
[gcs] [index] [default] [orm-2858]SELECT student.id AS student_id, student.name AS student_name, (SELECT COUNT(*) FROM Courseidstudentid WHERE Course_id = student.id) AS count_many_student_courses FROM student INNER JOIN CourseIdStudentId ON CourseIdStudentId.student_id = student.id INNER JOIN course ON CourseIdStudentId.Course_id = course.id WHERE student.id = 1
19/10/2015 16:54:12 : [INFORMATION] file 303 / line C:\wamp\www\gcsystem\gcs-dev\vendor\gcsystem\framework\core\system\Sql\Sql.php / 
[gcs] [index] [default] [orm-2367]SELECT CourseIdStudentId.id AS CourseIdStudentId_id, CourseIdStudentId.student_id AS CourseIdStudentId_student_id, CourseIdStudentId.course_id AS CourseIdStudentId_course_id, CourseIdStudentId.count AS CourseIdStudentId_count, student.id AS student_id, student.name AS student_name, course.id AS course_id, course.name AS course_name FROM CourseIdStudentId INNER JOIN student ON CourseIdStudentId.student_id = student.id INNER JOIN course ON CourseIdStudentId.course_id = course.id WHERE course_id IN( '1') ORDER BY course_id ASC
19/10/2015 16:55:11 : [INFORMATION] file 303 / line C:\wamp\www\gcsystem\gcs-dev\vendor\gcsystem\framework\core\system\Sql\Sql.php / 
[gcs] [index] [default] [orm-561]SELECT student.id AS student_id, student.name AS student_name, (SELECT COUNT(*) FROM Courseidstudentid WHERE Course_id = student.id) AS count_many_student_courses FROM student INNER JOIN CourseIdStudentId ON CourseIdStudentId.student_id = student.id INNER JOIN course ON CourseIdStudentId.Course_id = course.id WHERE student.id = 1
19/10/2015 16:55:11 : [INFORMATION] file 303 / line C:\wamp\www\gcsystem\gcs-dev\vendor\gcsystem\framework\core\system\Sql\Sql.php / 
[gcs] [index] [default] [orm-4295]SELECT CourseIdStudentId.id AS CourseIdStudentId_id, CourseIdStudentId.student_id AS CourseIdStudentId_student_id, CourseIdStudentId.course_id AS CourseIdStudentId_course_id, CourseIdStudentId.count AS CourseIdStudentId_count, student.id AS student_id, student.name AS student_name, course.id AS course_id, course.name AS course_name FROM CourseIdStudentId INNER JOIN student ON CourseIdStudentId.student_id = student.id INNER JOIN course ON CourseIdStudentId.course_id = course.id WHERE course_id IN( '1') ORDER BY course_id ASC
19/10/2015 16:56:20 : [INFORMATION] file 303 / line C:\wamp\www\gcsystem\gcs-dev\vendor\gcsystem\framework\core\system\Sql\Sql.php / 
[gcs] [index] [default] [orm-3329]SELECT student.id AS student_id, student.name AS student_name, (SELECT COUNT(*) FROM Courseidstudentid WHERE Course_id = student.id) AS count_many_student_courses FROM student INNER JOIN CourseIdStudentId ON CourseIdStudentId.student_id = student.id INNER JOIN course ON CourseIdStudentId.Course_id = course.id WHERE student.id = 1
19/10/2015 16:56:20 : [INFORMATION] file 303 / line C:\wamp\www\gcsystem\gcs-dev\vendor\gcsystem\framework\core\system\Sql\Sql.php / 
[gcs] [index] [default] [orm-6725]SELECT CourseIdStudentId.id AS CourseIdStudentId_id, CourseIdStudentId.student_id AS CourseIdStudentId_student_id, CourseIdStudentId.course_id AS CourseIdStudentId_course_id, CourseIdStudentId.count AS CourseIdStudentId_count, student.id AS student_id, student.name AS student_name, course.id AS course_id, course.name AS course_name FROM CourseIdStudentId INNER JOIN student ON CourseIdStudentId.student_id = student.id INNER JOIN course ON CourseIdStudentId.course_id = course.id WHERE course_id IN( '1') ORDER BY course_id ASC
19/10/2015 16:56:25 : [INFORMATION] file 303 / line C:\wamp\www\gcsystem\gcs-dev\vendor\gcsystem\framework\core\system\Sql\Sql.php / 
[gcs] [index] [default] [orm-6125]SELECT student.id AS student_id, student.name AS student_name, (SELECT COUNT(*) FROM Courseidstudentid WHERE Course_id = student.id) AS count_many_student_courses FROM student INNER JOIN CourseIdStudentId ON CourseIdStudentId.student_id = student.id INNER JOIN course ON CourseIdStudentId.Course_id = course.id WHERE student.id = 1
19/10/2015 16:56:25 : [INFORMATION] file 303 / line C:\wamp\www\gcsystem\gcs-dev\vendor\gcsystem\framework\core\system\Sql\Sql.php / 
[gcs] [index] [default] [orm-4734]SELECT CourseIdStudentId.id AS CourseIdStudentId_id, CourseIdStudentId.student_id AS CourseIdStudentId_student_id, CourseIdStudentId.course_id AS CourseIdStudentId_course_id, CourseIdStudentId.count AS CourseIdStudentId_count, student.id AS student_id, student.name AS student_name, course.id AS course_id, course.name AS course_name FROM CourseIdStudentId INNER JOIN student ON CourseIdStudentId.student_id = student.id INNER JOIN course ON CourseIdStudentId.course_id = course.id WHERE course_id IN( '1') ORDER BY course_id ASC
19/10/2015 16:56:30 : [INFORMATION] file 303 / line C:\wamp\www\gcsystem\gcs-dev\vendor\gcsystem\framework\core\system\Sql\Sql.php / 
[gcs] [index] [default] [orm-7333]SELECT student.id AS student_id, student.name AS student_name, (SELECT COUNT(*) FROM Courseidstudentid WHERE Course_id = student.id) AS count_many_student_courses FROM student INNER JOIN CourseIdStudentId ON CourseIdStudentId.student_id = student.id INNER JOIN course ON CourseIdStudentId.Course_id = course.id WHERE student.id = 1
19/10/2015 16:56:30 : [INFORMATION] file 303 / line C:\wamp\www\gcsystem\gcs-dev\vendor\gcsystem\framework\core\system\Sql\Sql.php / 
[gcs] [index] [default] [orm-3640]SELECT CourseIdStudentId.id AS CourseIdStudentId_id, CourseIdStudentId.student_id AS CourseIdStudentId_student_id, CourseIdStudentId.course_id AS CourseIdStudentId_course_id, CourseIdStudentId.count AS CourseIdStudentId_count, student.id AS student_id, student.name AS student_name, course.id AS course_id, course.name AS course_name FROM CourseIdStudentId INNER JOIN student ON CourseIdStudentId.student_id = student.id INNER JOIN course ON CourseIdStudentId.course_id = course.id WHERE course_id IN( '1') ORDER BY course_id ASC
19/10/2015 16:59:26 : [INFORMATION] file 303 / line C:\wamp\www\gcsystem\gcs-dev\vendor\gcsystem\framework\core\system\Sql\Sql.php / 
[gcs] [index] [default] [orm-4739]SELECT student.id AS student_id, student.name AS student_name, (SELECT COUNT(*) FROM Courseidstudentid WHERE Course_id = student.id) AS count_many_student_courses FROM student INNER JOIN CourseIdStudentId ON CourseIdStudentId.student_id = student.id INNER JOIN course ON CourseIdStudentId.Course_id = course.id WHERE student.id = 1
19/10/2015 16:59:26 : [INFORMATION] file 303 / line C:\wamp\www\gcsystem\gcs-dev\vendor\gcsystem\framework\core\system\Sql\Sql.php / 
[gcs] [index] [default] [orm-6217]SELECT CourseIdStudentId.id AS CourseIdStudentId_id, CourseIdStudentId.student_id AS CourseIdStudentId_student_id, CourseIdStudentId.course_id AS CourseIdStudentId_course_id, CourseIdStudentId.count AS CourseIdStudentId_count, student.id AS student_id, student.name AS student_name, course.id AS course_id, course.name AS course_name FROM CourseIdStudentId INNER JOIN student ON CourseIdStudentId.student_id = student.id INNER JOIN course ON CourseIdStudentId.course_id = course.id WHERE course_id IN( '1') ORDER BY course_id ASC
19/10/2015 16:59:31 : [INFORMATION] file 303 / line C:\wamp\www\gcsystem\gcs-dev\vendor\gcsystem\framework\core\system\Sql\Sql.php / 
[gcs] [index] [get] [orm-7478]SELECT article.id AS article_id, article.title AS article_title, article.content AS article_content, (SELECT COUNT(*) FROM Post WHERE Post.article = article.id) AS count_one_article_posts FROM article
19/10/2015 16:59:31 : [INFORMATION] file 303 / line C:\wamp\www\gcsystem\gcs-dev\vendor\gcsystem\framework\core\system\Sql\Sql.php / 
[gcs] [index] [get] [orm-7172]SELECT post.id AS post_id, post.content AS post_content, post.article AS post_article, post.file AS post_file, article.id AS article_id, article.title AS article_title, article.content AS article_content FROM post INNER JOIN article ON post.article = article.id WHERE post.article IN( '1', '2', '3', '4', '5', '6', '7') ORDER BY post.article ASC
19/10/2015 17:42:52 : [INFORMATION] file 303 / line C:\wamp\www\gcsystem\gcs-dev\vendor\gcsystem\framework\core\system\Sql\Sql.php / 
[gcs] [index] [get] [orm-9617]SELECT article.id AS article_id, article.title AS article_title, article.content AS article_content, (SELECT COUNT(*) FROM Post WHERE Post.article = article.id) AS count_one_article_posts FROM article
19/10/2015 17:42:52 : [INFORMATION] file 303 / line C:\wamp\www\gcsystem\gcs-dev\vendor\gcsystem\framework\core\system\Sql\Sql.php / 
[gcs] [index] [get] [orm-2765]SELECT post.id AS post_id, post.content AS post_content, post.article AS post_article, post.file AS post_file, article.id AS article_id, article.title AS article_title, article.content AS article_content FROM post INNER JOIN article ON post.article = article.id WHERE post.article IN( '1', '2', '3', '4', '5', '6', '7') ORDER BY post.article ASC
27/10/2015 11:01:14 : [INFORMATION] file 303 / line C:\wamp\www\gcsystem\gcs-dev\vendor\gcsystem\framework\core\system\Sql\Sql.php / 
[gcs] [index] [get] [orm-9906]SELECT article.id AS article_id, article.title AS article_title, article.content AS article_content, (SELECT COUNT(*) FROM Post WHERE Post.article = article.id) AS count_one_article_posts FROM article
27/10/2015 11:01:14 : [INFORMATION] file 303 / line C:\wamp\www\gcsystem\gcs-dev\vendor\gcsystem\framework\core\system\Sql\Sql.php / 
[gcs] [index] [get] [orm-2906]SELECT post.id AS post_id, post.content AS post_content, post.article AS post_article, post.file AS post_file, article.id AS article_id, article.title AS article_title, article.content AS article_content FROM post INNER JOIN article ON post.article = article.id WHERE post.article IN( '1', '2', '3', '4', '5', '6', '7') ORDER BY post.article ASC
27/10/2015 11:01:16 : [INFORMATION] file 303 / line C:\wamp\www\gcsystem\gcs-dev\vendor\gcsystem\framework\core\system\Sql\Sql.php / 
[gcs] [index] [post] [orm-8810]SELECT post.id AS post_id, post.content AS post_content, post.article AS post_article, post.file AS post_file, article.id AS article_id, article.title AS article_title, article.content AS article_content FROM post INNER JOIN article ON post.article = article.id WHERE post.id = ''
27/10/2015 11:01:16 : [INFORMATION] file 303 / line C:\wamp\www\gcsystem\gcs-dev\vendor\gcsystem\framework\core\system\Sql\Sql.php / 
[gcs] [index] [post] [orm-7765]SELECT article.id AS article_id, article.title AS article_title, article.content AS article_content, (SELECT COUNT(*) FROM Post WHERE Post.article = article.id) AS count_one_article_posts FROM article WHERE article.id = '1'
27/10/2015 11:01:16 : [INFORMATION] file 303 / line C:\wamp\www\gcsystem\gcs-dev\vendor\gcsystem\framework\core\system\Sql\Sql.php / 
[gcs] [index] [post] [orm-2040]SELECT post.id AS post_id, post.content AS post_content, post.article AS post_article, post.file AS post_file, article.id AS article_id, article.title AS article_title, article.content AS article_content FROM post INNER JOIN article ON post.article = article.id WHERE post.article IN( '1') ORDER BY post.article ASC
27/10/2015 11:01:16 : [INFORMATION] file 303 / line C:\wamp\www\gcsystem\gcs-dev\vendor\gcsystem\framework\core\system\Sql\Sql.php / 
[gcs] [index] [post] [orm-2868]SELECT article.id AS article_id, article.title AS article_title, article.content AS article_content, (SELECT COUNT(*) FROM Post WHERE Post.article = article.id) AS count_one_article_posts FROM article
27/10/2015 11:01:16 : [INFORMATION] file 303 / line C:\wamp\www\gcsystem\gcs-dev\vendor\gcsystem\framework\core\system\Sql\Sql.php / 
[gcs] [index] [post] [orm-8500]SELECT post.id AS post_id, post.content AS post_content, post.article AS post_article, post.file AS post_file, article.id AS article_id, article.title AS article_title, article.content AS article_content FROM post INNER JOIN article ON post.article = article.id WHERE post.article IN( '1', '2', '3', '4', '5', '6', '7') ORDER BY post.article ASC
27/10/2015 11:01:22 : [INFORMATION] file 303 / line C:\wamp\www\gcsystem\gcs-dev\vendor\gcsystem\framework\core\system\Sql\Sql.php / 
[gcs] [index] [post] [orm-9743]SELECT post.id AS post_id, post.content AS post_content, post.article AS post_article, post.file AS post_file, article.id AS article_id, article.title AS article_title, article.content AS article_content FROM post INNER JOIN article ON post.article = article.id WHERE post.id = ''
27/10/2015 11:01:22 : [INFORMATION] file 303 / line C:\wamp\www\gcsystem\gcs-dev\vendor\gcsystem\framework\core\system\Sql\Sql.php / 
[gcs] [index] [post] [orm-2315]SELECT article.id AS article_id, article.title AS article_title, article.content AS article_content, (SELECT COUNT(*) FROM Post WHERE Post.article = article.id) AS count_one_article_posts FROM article WHERE article.id = '1'
27/10/2015 11:01:22 : [INFORMATION] file 303 / line C:\wamp\www\gcsystem\gcs-dev\vendor\gcsystem\framework\core\system\Sql\Sql.php / 
[gcs] [index] [post] [orm-4920]SELECT post.id AS post_id, post.content AS post_content, post.article AS post_article, post.file AS post_file, article.id AS article_id, article.title AS article_title, article.content AS article_content FROM post INNER JOIN article ON post.article = article.id WHERE post.article IN( '1') ORDER BY post.article ASC
27/10/2015 11:01:22 : [INFORMATION] file 303 / line C:\wamp\www\gcsystem\gcs-dev\vendor\gcsystem\framework\core\system\Sql\Sql.php / 
[gcs] [index] [post] [orm-7617]SELECT article.id AS article_id, article.title AS article_title, article.content AS article_content, (SELECT COUNT(*) FROM Post WHERE Post.article = article.id) AS count_one_article_posts FROM article
27/10/2015 11:01:22 : [INFORMATION] file 303 / line C:\wamp\www\gcsystem\gcs-dev\vendor\gcsystem\framework\core\system\Sql\Sql.php / 
[gcs] [index] [post] [orm-8150]SELECT post.id AS post_id, post.content AS post_content, post.article AS post_article, post.file AS post_file, article.id AS article_id, article.title AS article_title, article.content AS article_content FROM post INNER JOIN article ON post.article = article.id WHERE post.article IN( '1', '2', '3', '4', '5', '6', '7') ORDER BY post.article ASC
27/10/2015 11:01:25 : [INFORMATION] file 303 / line C:\wamp\www\gcsystem\gcs-dev\vendor\gcsystem\framework\core\system\Sql\Sql.php / 
[gcs] [index] [post] [orm-5211]SELECT post.id AS post_id, post.content AS post_content, post.article AS post_article, post.file AS post_file, article.id AS article_id, article.title AS article_title, article.content AS article_content FROM post INNER JOIN article ON post.article = article.id WHERE post.id = ''
27/10/2015 11:01:25 : [INFORMATION] file 303 / line C:\wamp\www\gcsystem\gcs-dev\vendor\gcsystem\framework\core\system\Sql\Sql.php / 
[gcs] [index] [post] [orm-9882]SELECT article.id AS article_id, article.title AS article_title, article.content AS article_content, (SELECT COUNT(*) FROM Post WHERE Post.article = article.id) AS count_one_article_posts FROM article WHERE article.id = '1'
27/10/2015 11:01:25 : [INFORMATION] file 303 / line C:\wamp\www\gcsystem\gcs-dev\vendor\gcsystem\framework\core\system\Sql\Sql.php / 
[gcs] [index] [post] [orm-5152]SELECT post.id AS post_id, post.content AS post_content, post.article AS post_article, post.file AS post_file, article.id AS article_id, article.title AS article_title, article.content AS article_content FROM post INNER JOIN article ON post.article = article.id WHERE post.article IN( '1') ORDER BY post.article ASC
27/10/2015 11:01:25 : [INFORMATION] file 303 / line C:\wamp\www\gcsystem\gcs-dev\vendor\gcsystem\framework\core\system\Sql\Sql.php / 
[gcs] [index] [post] [orm-6598]SELECT article.id AS article_id, article.title AS article_title, article.content AS article_content, (SELECT COUNT(*) FROM Post WHERE Post.article = article.id) AS count_one_article_posts FROM article
27/10/2015 11:01:25 : [INFORMATION] file 303 / line C:\wamp\www\gcsystem\gcs-dev\vendor\gcsystem\framework\core\system\Sql\Sql.php / 
[gcs] [index] [post] [orm-4986]SELECT post.id AS post_id, post.content AS post_content, post.article AS post_article, post.file AS post_file, article.id AS article_id, article.title AS article_title, article.content AS article_content FROM post INNER JOIN article ON post.article = article.id WHERE post.article IN( '1', '2', '3', '4', '5', '6', '7') ORDER BY post.article ASC
27/10/2015 11:01:54 : [INFORMATION] file 303 / line C:\wamp\www\gcsystem\gcs-dev\vendor\gcsystem\framework\core\system\Sql\Sql.php / 
[gcs] [index] [post] [orm-960]SELECT post.id AS post_id, post.content AS post_content, post.article AS post_article, post.file AS post_file, article.id AS article_id, article.title AS article_title, article.content AS article_content FROM post INNER JOIN article ON post.article = article.id WHERE post.id = ''
27/10/2015 11:01:54 : [INFORMATION] file 303 / line C:\wamp\www\gcsystem\gcs-dev\vendor\gcsystem\framework\core\system\Sql\Sql.php / 
[gcs] [index] [post] [orm-3926]SELECT article.id AS article_id, article.title AS article_title, article.content AS article_content, (SELECT COUNT(*) FROM Post WHERE Post.article = article.id) AS count_one_article_posts FROM article WHERE article.id = '1'
27/10/2015 11:01:54 : [INFORMATION] file 303 / line C:\wamp\www\gcsystem\gcs-dev\vendor\gcsystem\framework\core\system\Sql\Sql.php / 
[gcs] [index] [post] [orm-730]SELECT post.id AS post_id, post.content AS post_content, post.article AS post_article, post.file AS post_file, article.id AS article_id, article.title AS article_title, article.content AS article_content FROM post INNER JOIN article ON post.article = article.id WHERE post.article IN( '1') ORDER BY post.article ASC
27/10/2015 11:01:54 : [INFORMATION] file 303 / line C:\wamp\www\gcsystem\gcs-dev\vendor\gcsystem\framework\core\system\Sql\Sql.php / 
[gcs] [index] [post] [orm-8801]SELECT article.id AS article_id, article.title AS article_title, article.content AS article_content, (SELECT COUNT(*) FROM Post WHERE Post.article = article.id) AS count_one_article_posts FROM article
27/10/2015 11:01:54 : [INFORMATION] file 303 / line C:\wamp\www\gcsystem\gcs-dev\vendor\gcsystem\framework\core\system\Sql\Sql.php / 
[gcs] [index] [post] [orm-8134]SELECT post.id AS post_id, post.content AS post_content, post.article AS post_article, post.file AS post_file, article.id AS article_id, article.title AS article_title, article.content AS article_content FROM post INNER JOIN article ON post.article = article.id WHERE post.article IN( '1', '2', '3', '4', '5', '6', '7') ORDER BY post.article ASC
27/10/2015 11:03:53 : [INFORMATION] file 303 / line C:\wamp\www\gcsystem\gcs-dev\vendor\gcsystem\framework\core\system\Sql\Sql.php / 
[gcs] [index] [get] [orm-6004]SELECT article.id AS article_id, article.title AS article_title, article.content AS article_content, (SELECT COUNT(*) FROM Post WHERE Post.article = article.id) AS count_one_article_posts FROM article
27/10/2015 11:03:53 : [INFORMATION] file 303 / line C:\wamp\www\gcsystem\gcs-dev\vendor\gcsystem\framework\core\system\Sql\Sql.php / 
[gcs] [index] [get] [orm-1151]SELECT post.id AS post_id, post.content AS post_content, post.article AS post_article, post.file AS post_file, article.id AS article_id, article.title AS article_title, article.content AS article_content FROM post INNER JOIN article ON post.article = article.id WHERE post.article IN( '1', '2', '3', '4', '5', '6', '7') ORDER BY post.article ASC
27/10/2015 11:03:58 : [INFORMATION] file 303 / line C:\wamp\www\gcsystem\gcs-dev\vendor\gcsystem\framework\core\system\Sql\Sql.php / 
[gcs] [index] [put] [orm-5212]SELECT article.id AS article_id, article.title AS article_title, article.content AS article_content, (SELECT COUNT(*) FROM Post WHERE Post.article = article.id) AS count_one_article_posts FROM article
27/10/2015 11:03:58 : [INFORMATION] file 303 / line C:\wamp\www\gcsystem\gcs-dev\vendor\gcsystem\framework\core\system\Sql\Sql.php / 
[gcs] [index] [put] [orm-7495]SELECT post.id AS post_id, post.content AS post_content, post.article AS post_article, post.file AS post_file, article.id AS article_id, article.title AS article_title, article.content AS article_content FROM post INNER JOIN article ON post.article = article.id WHERE post.article IN( '1', '2', '3', '4', '5', '6', '7') ORDER BY post.article ASC
27/10/2015 11:04:00 : [INFORMATION] file 303 / line C:\wamp\www\gcsystem\gcs-dev\vendor\gcsystem\framework\core\system\Sql\Sql.php / 
[gcs] [index] [post] [orm-9699]SELECT article.id AS article_id, article.title AS article_title, article.content AS article_content, (SELECT COUNT(*) FROM Post WHERE Post.article = article.id) AS count_one_article_posts FROM article
27/10/2015 11:04:00 : [INFORMATION] file 303 / line C:\wamp\www\gcsystem\gcs-dev\vendor\gcsystem\framework\core\system\Sql\Sql.php / 
[gcs] [index] [post] [orm-8742]SELECT post.id AS post_id, post.content AS post_content, post.article AS post_article, post.file AS post_file, article.id AS article_id, article.title AS article_title, article.content AS article_content FROM post INNER JOIN article ON post.article = article.id WHERE post.article IN( '1', '2', '3', '4', '5', '6', '7') ORDER BY post.article ASC
27/10/2015 11:04:17 : [INFORMATION] file 303 / line C:\wamp\www\gcsystem\gcs-dev\vendor\gcsystem\framework\core\system\Sql\Sql.php / 
[gcs] [index] [get] [orm-2655]SELECT article.id AS article_id, article.title AS article_title, article.content AS article_content, (SELECT COUNT(*) FROM Post WHERE Post.article = article.id) AS count_one_article_posts FROM article
27/10/2015 11:04:17 : [INFORMATION] file 303 / line C:\wamp\www\gcsystem\gcs-dev\vendor\gcsystem\framework\core\system\Sql\Sql.php / 
[gcs] [index] [get] [orm-3835]SELECT post.id AS post_id, post.content AS post_content, post.article AS post_article, post.file AS post_file, article.id AS article_id, article.title AS article_title, article.content AS article_content FROM post INNER JOIN article ON post.article = article.id WHERE post.article IN( '1', '2', '3', '4', '5', '6', '7') ORDER BY post.article ASC
27/10/2015 11:04:18 : [INFORMATION] file 303 / line C:\wamp\www\gcsystem\gcs-dev\vendor\gcsystem\framework\core\system\Sql\Sql.php / 
[gcs] [index] [post] [orm-7162]SELECT article.id AS article_id, article.title AS article_title, article.content AS article_content, (SELECT COUNT(*) FROM Post WHERE Post.article = article.id) AS count_one_article_posts FROM article
27/10/2015 11:04:18 : [INFORMATION] file 303 / line C:\wamp\www\gcsystem\gcs-dev\vendor\gcsystem\framework\core\system\Sql\Sql.php / 
[gcs] [index] [post] [orm-9399]SELECT post.id AS post_id, post.content AS post_content, post.article AS post_article, post.file AS post_file, article.id AS article_id, article.title AS article_title, article.content AS article_content FROM post INNER JOIN article ON post.article = article.id WHERE post.article IN( '1', '2', '3', '4', '5', '6', '7') ORDER BY post.article ASC
27/10/2015 11:04:19 : [INFORMATION] file 303 / line C:\wamp\www\gcsystem\gcs-dev\vendor\gcsystem\framework\core\system\Sql\Sql.php / 
[gcs] [index] [post] [orm-7601]SELECT article.id AS article_id, article.title AS article_title, article.content AS article_content, (SELECT COUNT(*) FROM Post WHERE Post.article = article.id) AS count_one_article_posts FROM article
27/10/2015 11:04:19 : [INFORMATION] file 303 / line C:\wamp\www\gcsystem\gcs-dev\vendor\gcsystem\framework\core\system\Sql\Sql.php / 
[gcs] [index] [post] [orm-3570]SELECT post.id AS post_id, post.content AS post_content, post.article AS post_article, post.file AS post_file, article.id AS article_id, article.title AS article_title, article.content AS article_content FROM post INNER JOIN article ON post.article = article.id WHERE post.article IN( '1', '2', '3', '4', '5', '6', '7') ORDER BY post.article ASC
27/10/2015 11:04:20 : [INFORMATION] file 303 / line C:\wamp\www\gcsystem\gcs-dev\vendor\gcsystem\framework\core\system\Sql\Sql.php / 
[gcs] [index] [post] [orm-7996]SELECT article.id AS article_id, article.title AS article_title, article.content AS article_content, (SELECT COUNT(*) FROM Post WHERE Post.article = article.id) AS count_one_article_posts FROM article
27/10/2015 11:04:20 : [INFORMATION] file 303 / line C:\wamp\www\gcsystem\gcs-dev\vendor\gcsystem\framework\core\system\Sql\Sql.php / 
[gcs] [index] [post] [orm-5530]SELECT post.id AS post_id, post.content AS post_content, post.article AS post_article, post.file AS post_file, article.id AS article_id, article.title AS article_title, article.content AS article_content FROM post INNER JOIN article ON post.article = article.id WHERE post.article IN( '1', '2', '3', '4', '5', '6', '7') ORDER BY post.article ASC
27/10/2015 11:04:59 : [INFORMATION] file 303 / line C:\wamp\www\gcsystem\gcs-dev\vendor\gcsystem\framework\core\system\Sql\Sql.php / 
[gcs] [index] [post] [orm-7057]SELECT article.id AS article_id, article.title AS article_title, article.content AS article_content, (SELECT COUNT(*) FROM Post WHERE Post.article = article.id) AS count_one_article_posts FROM article
27/10/2015 11:04:59 : [INFORMATION] file 303 / line C:\wamp\www\gcsystem\gcs-dev\vendor\gcsystem\framework\core\system\Sql\Sql.php / 
[gcs] [index] [post] [orm-394]SELECT post.id AS post_id, post.content AS post_content, post.article AS post_article, post.file AS post_file, article.id AS article_id, article.title AS article_title, article.content AS article_content FROM post INNER JOIN article ON post.article = article.id WHERE post.article IN( '1', '2', '3', '4', '5', '6', '7') ORDER BY post.article ASC
27/10/2015 11:05:00 : [INFORMATION] file 303 / line C:\wamp\www\gcsystem\gcs-dev\vendor\gcsystem\framework\core\system\Sql\Sql.php / 
[gcs] [index] [post] [orm-5685]SELECT article.id AS article_id, article.title AS article_title, article.content AS article_content, (SELECT COUNT(*) FROM Post WHERE Post.article = article.id) AS count_one_article_posts FROM article
27/10/2015 11:05:00 : [INFORMATION] file 303 / line C:\wamp\www\gcsystem\gcs-dev\vendor\gcsystem\framework\core\system\Sql\Sql.php / 
[gcs] [index] [post] [orm-6720]SELECT post.id AS post_id, post.content AS post_content, post.article AS post_article, post.file AS post_file, article.id AS article_id, article.title AS article_title, article.content AS article_content FROM post INNER JOIN article ON post.article = article.id WHERE post.article IN( '1', '2', '3', '4', '5', '6', '7') ORDER BY post.article ASC
27/10/2015 11:06:21 : [INFORMATION] file 303 / line C:\wamp\www\gcsystem\gcs-dev\vendor\gcsystem\framework\core\system\Sql\Sql.php / 
[gcs] [index] [get] [orm-8561]SELECT article.id AS article_id, article.title AS article_title, article.content AS article_content, (SELECT COUNT(*) FROM Post WHERE Post.article = article.id) AS count_one_article_posts FROM article
27/10/2015 11:06:21 : [INFORMATION] file 303 / line C:\wamp\www\gcsystem\gcs-dev\vendor\gcsystem\framework\core\system\Sql\Sql.php / 
[gcs] [index] [get] [orm-4811]SELECT post.id AS post_id, post.content AS post_content, post.article AS post_article, post.file AS post_file, article.id AS article_id, article.title AS article_title, article.content AS article_content FROM post INNER JOIN article ON post.article = article.id WHERE post.article IN( '1', '2', '3', '4', '5', '6', '7') ORDER BY post.article ASC
27/10/2015 11:06:22 : [INFORMATION] file 303 / line C:\wamp\www\gcsystem\gcs-dev\vendor\gcsystem\framework\core\system\Sql\Sql.php / 
[gcs] [index] [put] [orm-5034]SELECT article.id AS article_id, article.title AS article_title, article.content AS article_content, (SELECT COUNT(*) FROM Post WHERE Post.article = article.id) AS count_one_article_posts FROM article
27/10/2015 11:06:22 : [INFORMATION] file 303 / line C:\wamp\www\gcsystem\gcs-dev\vendor\gcsystem\framework\core\system\Sql\Sql.php / 
[gcs] [index] [put] [orm-2752]SELECT post.id AS post_id, post.content AS post_content, post.article AS post_article, post.file AS post_file, article.id AS article_id, article.title AS article_title, article.content AS article_content FROM post INNER JOIN article ON post.article = article.id WHERE post.article IN( '1', '2', '3', '4', '5', '6', '7') ORDER BY post.article ASC
27/10/2015 11:06:23 : [INFORMATION] file 303 / line C:\wamp\www\gcsystem\gcs-dev\vendor\gcsystem\framework\core\system\Sql\Sql.php / 
[gcs] [index] [put] [orm-8496]SELECT article.id AS article_id, article.title AS article_title, article.content AS article_content, (SELECT COUNT(*) FROM Post WHERE Post.article = article.id) AS count_one_article_posts FROM article
27/10/2015 11:06:23 : [INFORMATION] file 303 / line C:\wamp\www\gcsystem\gcs-dev\vendor\gcsystem\framework\core\system\Sql\Sql.php / 
[gcs] [index] [put] [orm-2387]SELECT post.id AS post_id, post.content AS post_content, post.article AS post_article, post.file AS post_file, article.id AS article_id, article.title AS article_title, article.content AS article_content FROM post INNER JOIN article ON post.article = article.id WHERE post.article IN( '1', '2', '3', '4', '5', '6', '7') ORDER BY post.article ASC
27/10/2015 11:06:26 : [INFORMATION] file 303 / line C:\wamp\www\gcsystem\gcs-dev\vendor\gcsystem\framework\core\system\Sql\Sql.php / 
[gcs] [index] [put] [orm-3905]SELECT article.id AS article_id, article.title AS article_title, article.content AS article_content, (SELECT COUNT(*) FROM Post WHERE Post.article = article.id) AS count_one_article_posts FROM article
27/10/2015 11:06:26 : [INFORMATION] file 303 / line C:\wamp\www\gcsystem\gcs-dev\vendor\gcsystem\framework\core\system\Sql\Sql.php / 
[gcs] [index] [put] [orm-84]SELECT post.id AS post_id, post.content AS post_content, post.article AS post_article, post.file AS post_file, article.id AS article_id, article.title AS article_title, article.content AS article_content FROM post INNER JOIN article ON post.article = article.id WHERE post.article IN( '1', '2', '3', '4', '5', '6', '7') ORDER BY post.article ASC
27/10/2015 11:07:07 : [INFORMATION] file 303 / line C:\wamp\www\gcsystem\gcs-dev\vendor\gcsystem\framework\core\system\Sql\Sql.php / 
[gcs] [index] [get] [orm-7505]SELECT article.id AS article_id, article.title AS article_title, article.content AS article_content, (SELECT COUNT(*) FROM Post WHERE Post.article = article.id) AS count_one_article_posts FROM article
27/10/2015 11:07:07 : [INFORMATION] file 303 / line C:\wamp\www\gcsystem\gcs-dev\vendor\gcsystem\framework\core\system\Sql\Sql.php / 
[gcs] [index] [get] [orm-4804]SELECT post.id AS post_id, post.content AS post_content, post.article AS post_article, post.file AS post_file, article.id AS article_id, article.title AS article_title, article.content AS article_content FROM post INNER JOIN article ON post.article = article.id WHERE post.article IN( '1', '2', '3', '4', '5', '6', '7') ORDER BY post.article ASC
27/10/2015 11:07:10 : [INFORMATION] file 303 / line C:\wamp\www\gcsystem\gcs-dev\vendor\gcsystem\framework\core\system\Sql\Sql.php / 
[gcs] [index] [put] [orm-8640]SELECT article.id AS article_id, article.title AS article_title, article.content AS article_content, (SELECT COUNT(*) FROM Post WHERE Post.article = article.id) AS count_one_article_posts FROM article
27/10/2015 11:07:10 : [INFORMATION] file 303 / line C:\wamp\www\gcsystem\gcs-dev\vendor\gcsystem\framework\core\system\Sql\Sql.php / 
[gcs] [index] [put] [orm-8998]SELECT post.id AS post_id, post.content AS post_content, post.article AS post_article, post.file AS post_file, article.id AS article_id, article.title AS article_title, article.content AS article_content FROM post INNER JOIN article ON post.article = article.id WHERE post.article IN( '1', '2', '3', '4', '5', '6', '7') ORDER BY post.article ASC
27/10/2015 11:07:12 : [INFORMATION] file 303 / line C:\wamp\www\gcsystem\gcs-dev\vendor\gcsystem\framework\core\system\Sql\Sql.php / 
[gcs] [index] [put] [orm-5140]SELECT article.id AS article_id, article.title AS article_title, article.content AS article_content, (SELECT COUNT(*) FROM Post WHERE Post.article = article.id) AS count_one_article_posts FROM article
27/10/2015 11:07:12 : [INFORMATION] file 303 / line C:\wamp\www\gcsystem\gcs-dev\vendor\gcsystem\framework\core\system\Sql\Sql.php / 
[gcs] [index] [put] [orm-6624]SELECT post.id AS post_id, post.content AS post_content, post.article AS post_article, post.file AS post_file, article.id AS article_id, article.title AS article_title, article.content AS article_content FROM post INNER JOIN article ON post.article = article.id WHERE post.article IN( '1', '2', '3', '4', '5', '6', '7') ORDER BY post.article ASC
27/10/2015 11:07:14 : [INFORMATION] file 303 / line C:\wamp\www\gcsystem\gcs-dev\vendor\gcsystem\framework\core\system\Sql\Sql.php / 
[gcs] [index] [put] [orm-7750]SELECT article.id AS article_id, article.title AS article_title, article.content AS article_content, (SELECT COUNT(*) FROM Post WHERE Post.article = article.id) AS count_one_article_posts FROM article
27/10/2015 11:07:14 : [INFORMATION] file 303 / line C:\wamp\www\gcsystem\gcs-dev\vendor\gcsystem\framework\core\system\Sql\Sql.php / 
[gcs] [index] [put] [orm-1706]SELECT post.id AS post_id, post.content AS post_content, post.article AS post_article, post.file AS post_file, article.id AS article_id, article.title AS article_title, article.content AS article_content FROM post INNER JOIN article ON post.article = article.id WHERE post.article IN( '1', '2', '3', '4', '5', '6', '7') ORDER BY post.article ASC
27/10/2015 11:07:27 : [INFORMATION] file 303 / line C:\wamp\www\gcsystem\gcs-dev\vendor\gcsystem\framework\core\system\Sql\Sql.php / 
[gcs] [index] [put] [orm-8412]SELECT article.id AS article_id, article.title AS article_title, article.content AS article_content, (SELECT COUNT(*) FROM Post WHERE Post.article = article.id) AS count_one_article_posts FROM article
27/10/2015 11:07:27 : [INFORMATION] file 303 / line C:\wamp\www\gcsystem\gcs-dev\vendor\gcsystem\framework\core\system\Sql\Sql.php / 
[gcs] [index] [put] [orm-5648]SELECT post.id AS post_id, post.content AS post_content, post.article AS post_article, post.file AS post_file, article.id AS article_id, article.title AS article_title, article.content AS article_content FROM post INNER JOIN article ON post.article = article.id WHERE post.article IN( '1', '2', '3', '4', '5', '6', '7') ORDER BY post.article ASC
27/10/2015 11:07:28 : [INFORMATION] file 303 / line C:\wamp\www\gcsystem\gcs-dev\vendor\gcsystem\framework\core\system\Sql\Sql.php / 
[gcs] [index] [put] [orm-8851]SELECT article.id AS article_id, article.title AS article_title, article.content AS article_content, (SELECT COUNT(*) FROM Post WHERE Post.article = article.id) AS count_one_article_posts FROM article
27/10/2015 11:07:28 : [INFORMATION] file 303 / line C:\wamp\www\gcsystem\gcs-dev\vendor\gcsystem\framework\core\system\Sql\Sql.php / 
[gcs] [index] [put] [orm-9820]SELECT post.id AS post_id, post.content AS post_content, post.article AS post_article, post.file AS post_file, article.id AS article_id, article.title AS article_title, article.content AS article_content FROM post INNER JOIN article ON post.article = article.id WHERE post.article IN( '1', '2', '3', '4', '5', '6', '7') ORDER BY post.article ASC
27/10/2015 11:07:29 : [INFORMATION] file 303 / line C:\wamp\www\gcsystem\gcs-dev\vendor\gcsystem\framework\core\system\Sql\Sql.php / 
[gcs] [index] [put] [orm-9246]SELECT article.id AS article_id, article.title AS article_title, article.content AS article_content, (SELECT COUNT(*) FROM Post WHERE Post.article = article.id) AS count_one_article_posts FROM article
27/10/2015 11:07:29 : [INFORMATION] file 303 / line C:\wamp\www\gcsystem\gcs-dev\vendor\gcsystem\framework\core\system\Sql\Sql.php / 
[gcs] [index] [put] [orm-1779]SELECT post.id AS post_id, post.content AS post_content, post.article AS post_article, post.file AS post_file, article.id AS article_id, article.title AS article_title, article.content AS article_content FROM post INNER JOIN article ON post.article = article.id WHERE post.article IN( '1', '2', '3', '4', '5', '6', '7') ORDER BY post.article ASC
27/10/2015 11:08:21 : [INFORMATION] file 303 / line C:\wamp\www\gcsystem\gcs-dev\vendor\gcsystem\framework\core\system\Sql\Sql.php / 
[gcs] [index] [get] [orm-8308]SELECT article.id AS article_id, article.title AS article_title, article.content AS article_content, (SELECT COUNT(*) FROM Post WHERE Post.article = article.id) AS count_one_article_posts FROM article
27/10/2015 11:08:21 : [INFORMATION] file 303 / line C:\wamp\www\gcsystem\gcs-dev\vendor\gcsystem\framework\core\system\Sql\Sql.php / 
[gcs] [index] [get] [orm-6645]SELECT post.id AS post_id, post.content AS post_content, post.article AS post_article, post.file AS post_file, article.id AS article_id, article.title AS article_title, article.content AS article_content FROM post INNER JOIN article ON post.article = article.id WHERE post.article IN( '1', '2', '3', '4', '5', '6', '7') ORDER BY post.article ASC
27/10/2015 11:08:23 : [INFORMATION] file 303 / line C:\wamp\www\gcsystem\gcs-dev\vendor\gcsystem\framework\core\system\Sql\Sql.php / 
[gcs] [index] [put] [orm-6935]SELECT article.id AS article_id, article.title AS article_title, article.content AS article_content, (SELECT COUNT(*) FROM Post WHERE Post.article = article.id) AS count_one_article_posts FROM article
27/10/2015 11:08:23 : [INFORMATION] file 303 / line C:\wamp\www\gcsystem\gcs-dev\vendor\gcsystem\framework\core\system\Sql\Sql.php / 
[gcs] [index] [put] [orm-2970]SELECT post.id AS post_id, post.content AS post_content, post.article AS post_article, post.file AS post_file, article.id AS article_id, article.title AS article_title, article.content AS article_content FROM post INNER JOIN article ON post.article = article.id WHERE post.article IN( '1', '2', '3', '4', '5', '6', '7') ORDER BY post.article ASC
27/10/2015 11:08:24 : [INFORMATION] file 303 / line C:\wamp\www\gcsystem\gcs-dev\vendor\gcsystem\framework\core\system\Sql\Sql.php / 
[gcs] [index] [put] [orm-5713]SELECT article.id AS article_id, article.title AS article_title, article.content AS article_content, (SELECT COUNT(*) FROM Post WHERE Post.article = article.id) AS count_one_article_posts FROM article
27/10/2015 11:08:24 : [INFORMATION] file 303 / line C:\wamp\www\gcsystem\gcs-dev\vendor\gcsystem\framework\core\system\Sql\Sql.php / 
[gcs] [index] [put] [orm-247]SELECT post.id AS post_id, post.content AS post_content, post.article AS post_article, post.file AS post_file, article.id AS article_id, article.title AS article_title, article.content AS article_content FROM post INNER JOIN article ON post.article = article.id WHERE post.article IN( '1', '2', '3', '4', '5', '6', '7') ORDER BY post.article ASC
27/10/2015 11:08:26 : [INFORMATION] file 303 / line C:\wamp\www\gcsystem\gcs-dev\vendor\gcsystem\framework\core\system\Sql\Sql.php / 
[gcs] [index] [put] [orm-2416]SELECT article.id AS article_id, article.title AS article_title, article.content AS article_content, (SELECT COUNT(*) FROM Post WHERE Post.article = article.id) AS count_one_article_posts FROM article
27/10/2015 11:08:26 : [INFORMATION] file 303 / line C:\wamp\www\gcsystem\gcs-dev\vendor\gcsystem\framework\core\system\Sql\Sql.php / 
[gcs] [index] [put] [orm-6406]SELECT post.id AS post_id, post.content AS post_content, post.article AS post_article, post.file AS post_file, article.id AS article_id, article.title AS article_title, article.content AS article_content FROM post INNER JOIN article ON post.article = article.id WHERE post.article IN( '1', '2', '3', '4', '5', '6', '7') ORDER BY post.article ASC
27/10/2015 11:09:47 : [INFORMATION] file 303 / line C:\wamp\www\gcsystem\gcs-dev\vendor\gcsystem\framework\core\system\Sql\Sql.php / 
[gcs] [index] [put] [orm-9506]SELECT article.id AS article_id, article.title AS article_title, article.content AS article_content, (SELECT COUNT(*) FROM Post WHERE Post.article = article.id) AS count_one_article_posts FROM article
27/10/2015 11:09:47 : [INFORMATION] file 303 / line C:\wamp\www\gcsystem\gcs-dev\vendor\gcsystem\framework\core\system\Sql\Sql.php / 
[gcs] [index] [put] [orm-5314]SELECT post.id AS post_id, post.content AS post_content, post.article AS post_article, post.file AS post_file, article.id AS article_id, article.title AS article_title, article.content AS article_content FROM post INNER JOIN article ON post.article = article.id WHERE post.article IN( '1', '2', '3', '4', '5', '6', '7') ORDER BY post.article ASC
27/10/2015 11:12:35 : [INFORMATION] file 303 / line C:\wamp\www\gcsystem\gcs-dev\vendor\gcsystem\framework\core\system\Sql\Sql.php / 
[gcs] [index] [put] [orm-1629]SELECT article.id AS article_id, article.title AS article_title, article.content AS article_content, (SELECT COUNT(*) FROM Post WHERE Post.article = article.id) AS count_one_article_posts FROM article
27/10/2015 11:12:35 : [INFORMATION] file 303 / line C:\wamp\www\gcsystem\gcs-dev\vendor\gcsystem\framework\core\system\Sql\Sql.php / 
[gcs] [index] [put] [orm-4276]SELECT post.id AS post_id, post.content AS post_content, post.article AS post_article, post.file AS post_file, article.id AS article_id, article.title AS article_title, article.content AS article_content FROM post INNER JOIN article ON post.article = article.id WHERE post.article IN( '1', '2', '3', '4', '5', '6', '7') ORDER BY post.article ASC
27/10/2015 11:12:37 : [INFORMATION] file 303 / line C:\wamp\www\gcsystem\gcs-dev\vendor\gcsystem\framework\core\system\Sql\Sql.php / 
[gcs] [index] [put] [orm-3123]SELECT article.id AS article_id, article.title AS article_title, article.content AS article_content, (SELECT COUNT(*) FROM Post WHERE Post.article = article.id) AS count_one_article_posts FROM article
27/10/2015 11:12:37 : [INFORMATION] file 303 / line C:\wamp\www\gcsystem\gcs-dev\vendor\gcsystem\framework\core\system\Sql\Sql.php / 
[gcs] [index] [put] [orm-1533]SELECT post.id AS post_id, post.content AS post_content, post.article AS post_article, post.file AS post_file, article.id AS article_id, article.title AS article_title, article.content AS article_content FROM post INNER JOIN article ON post.article = article.id WHERE post.article IN( '1', '2', '3', '4', '5', '6', '7') ORDER BY post.article ASC
27/10/2015 11:12:43 : [INFORMATION] file 303 / line C:\wamp\www\gcsystem\gcs-dev\vendor\gcsystem\framework\core\system\Sql\Sql.php / 
[gcs] [index] [put] [orm-5510]SELECT article.id AS article_id, article.title AS article_title, article.content AS article_content, (SELECT COUNT(*) FROM Post WHERE Post.article = article.id) AS count_one_article_posts FROM article
27/10/2015 11:12:43 : [INFORMATION] file 303 / line C:\wamp\www\gcsystem\gcs-dev\vendor\gcsystem\framework\core\system\Sql\Sql.php / 
[gcs] [index] [put] [orm-3767]SELECT post.id AS post_id, post.content AS post_content, post.article AS post_article, post.file AS post_file, article.id AS article_id, article.title AS article_title, article.content AS article_content FROM post INNER JOIN article ON post.article = article.id WHERE post.article IN( '1', '2', '3', '4', '5', '6', '7') ORDER BY post.article ASC
27/10/2015 11:13:19 : [INFORMATION] file 303 / line C:\wamp\www\gcsystem\gcs-dev\vendor\gcsystem\framework\core\system\Sql\Sql.php / 
[gcs] [index] [put] [orm-5002]SELECT article.id AS article_id, article.title AS article_title, article.content AS article_content, (SELECT COUNT(*) FROM Post WHERE Post.article = article.id) AS count_one_article_posts FROM article
27/10/2015 11:13:19 : [INFORMATION] file 303 / line C:\wamp\www\gcsystem\gcs-dev\vendor\gcsystem\framework\core\system\Sql\Sql.php / 
[gcs] [index] [put] [orm-3593]SELECT post.id AS post_id, post.content AS post_content, post.article AS post_article, post.file AS post_file, article.id AS article_id, article.title AS article_title, article.content AS article_content FROM post INNER JOIN article ON post.article = article.id WHERE post.article IN( '1', '2', '3', '4', '5', '6', '7') ORDER BY post.article ASC
27/10/2015 11:13:23 : [INFORMATION] file 303 / line C:\wamp\www\gcsystem\gcs-dev\vendor\gcsystem\framework\core\system\Sql\Sql.php / 
[gcs] [index] [put] [orm-9997]SELECT article.id AS article_id, article.title AS article_title, article.content AS article_content, (SELECT COUNT(*) FROM Post WHERE Post.article = article.id) AS count_one_article_posts FROM article
27/10/2015 11:13:23 : [INFORMATION] file 303 / line C:\wamp\www\gcsystem\gcs-dev\vendor\gcsystem\framework\core\system\Sql\Sql.php / 
[gcs] [index] [put] [orm-7067]SELECT post.id AS post_id, post.content AS post_content, post.article AS post_article, post.file AS post_file, article.id AS article_id, article.title AS article_title, article.content AS article_content FROM post INNER JOIN article ON post.article = article.id WHERE post.article IN( '1', '2', '3', '4', '5', '6', '7') ORDER BY post.article ASC
27/10/2015 11:14:23 : [INFORMATION] file 303 / line C:\wamp\www\gcsystem\gcs-dev\vendor\gcsystem\framework\core\system\Sql\Sql.php / 
[gcs] [index] [put] [orm-8580]SELECT article.id AS article_id, article.title AS article_title, article.content AS article_content, (SELECT COUNT(*) FROM Post WHERE Post.article = article.id) AS count_one_article_posts FROM article
27/10/2015 11:14:23 : [INFORMATION] file 303 / line C:\wamp\www\gcsystem\gcs-dev\vendor\gcsystem\framework\core\system\Sql\Sql.php / 
[gcs] [index] [put] [orm-1179]SELECT post.id AS post_id, post.content AS post_content, post.article AS post_article, post.file AS post_file, article.id AS article_id, article.title AS article_title, article.content AS article_content FROM post INNER JOIN article ON post.article = article.id WHERE post.article IN( '1', '2', '3', '4', '5', '6', '7') ORDER BY post.article ASC
27/10/2015 11:14:47 : [INFORMATION] file 303 / line C:\wamp\www\gcsystem\gcs-dev\vendor\gcsystem\framework\core\system\Sql\Sql.php / 
[gcs] [index] [put] [orm-6025]SELECT article.id AS article_id, article.title AS article_title, article.content AS article_content, (SELECT COUNT(*) FROM Post WHERE Post.article = article.id) AS count_one_article_posts FROM article
27/10/2015 11:14:47 : [INFORMATION] file 303 / line C:\wamp\www\gcsystem\gcs-dev\vendor\gcsystem\framework\core\system\Sql\Sql.php / 
[gcs] [index] [put] [orm-1362]SELECT post.id AS post_id, post.content AS post_content, post.article AS post_article, post.file AS post_file, article.id AS article_id, article.title AS article_title, article.content AS article_content FROM post INNER JOIN article ON post.article = article.id WHERE post.article IN( '1', '2', '3', '4', '5', '6', '7') ORDER BY post.article ASC
27/10/2015 11:14:58 : [INFORMATION] file 303 / line C:\wamp\www\gcsystem\gcs-dev\vendor\gcsystem\framework\core\system\Sql\Sql.php / 
[gcs] [index] [put] [orm-8909]SELECT article.id AS article_id, article.title AS article_title, article.content AS article_content, (SELECT COUNT(*) FROM Post WHERE Post.article = article.id) AS count_one_article_posts FROM article
27/10/2015 11:14:58 : [INFORMATION] file 303 / line C:\wamp\www\gcsystem\gcs-dev\vendor\gcsystem\framework\core\system\Sql\Sql.php / 
[gcs] [index] [put] [orm-4822]SELECT post.id AS post_id, post.content AS post_content, post.article AS post_article, post.file AS post_file, article.id AS article_id, article.title AS article_title, article.content AS article_content FROM post INNER JOIN article ON post.article = article.id WHERE post.article IN( '1', '2', '3', '4', '5', '6', '7') ORDER BY post.article ASC
27/10/2015 11:15:02 : [INFORMATION] file 303 / line C:\wamp\www\gcsystem\gcs-dev\vendor\gcsystem\framework\core\system\Sql\Sql.php / 
[gcs] [index] [put] [orm-8088]SELECT article.id AS article_id, article.title AS article_title, article.content AS article_content, (SELECT COUNT(*) FROM Post WHERE Post.article = article.id) AS count_one_article_posts FROM article
27/10/2015 11:15:02 : [INFORMATION] file 303 / line C:\wamp\www\gcsystem\gcs-dev\vendor\gcsystem\framework\core\system\Sql\Sql.php / 
[gcs] [index] [put] [orm-5585]SELECT post.id AS post_id, post.content AS post_content, post.article AS post_article, post.file AS post_file, article.id AS article_id, article.title AS article_title, article.content AS article_content FROM post INNER JOIN article ON post.article = article.id WHERE post.article IN( '1', '2', '3', '4', '5', '6', '7') ORDER BY post.article ASC
27/10/2015 11:24:16 : [INFORMATION] file 303 / line C:\wamp\www\gcsystem\gcs-dev\vendor\gcsystem\framework\core\system\Sql\Sql.php / 
[gcs] [index] [put] [orm-6211]SELECT article.id AS article_id, article.title AS article_title, article.content AS article_content, (SELECT COUNT(*) FROM Post WHERE Post.article = article.id) AS count_one_article_posts FROM article
27/10/2015 11:24:16 : [INFORMATION] file 303 / line C:\wamp\www\gcsystem\gcs-dev\vendor\gcsystem\framework\core\system\Sql\Sql.php / 
[gcs] [index] [put] [orm-5316]SELECT post.id AS post_id, post.content AS post_content, post.article AS post_article, post.file AS post_file, article.id AS article_id, article.title AS article_title, article.content AS article_content FROM post INNER JOIN article ON post.article = article.id WHERE post.article IN( '1', '2', '3', '4', '5', '6', '7') ORDER BY post.article ASC
27/10/2015 11:24:17 : [INFORMATION] file 303 / line C:\wamp\www\gcsystem\gcs-dev\vendor\gcsystem\framework\core\system\Sql\Sql.php / 
[gcs] [index] [put] [orm-7524]SELECT article.id AS article_id, article.title AS article_title, article.content AS article_content, (SELECT COUNT(*) FROM Post WHERE Post.article = article.id) AS count_one_article_posts FROM article
27/10/2015 11:24:17 : [INFORMATION] file 303 / line C:\wamp\www\gcsystem\gcs-dev\vendor\gcsystem\framework\core\system\Sql\Sql.php / 
[gcs] [index] [put] [orm-146]SELECT post.id AS post_id, post.content AS post_content, post.article AS post_article, post.file AS post_file, article.id AS article_id, article.title AS article_title, article.content AS article_content FROM post INNER JOIN article ON post.article = article.id WHERE post.article IN( '1', '2', '3', '4', '5', '6', '7') ORDER BY post.article ASC
27/10/2015 12:07:50 : [INFORMATION] file 303 / line C:\wamp\www\gcsystem\gcs-dev\vendor\gcsystem\framework\core\system\Sql\Sql.php / 
[gcs] [index] [put] [orm-2294]SELECT article.id AS article_id, article.title AS article_title, article.content AS article_content, (SELECT COUNT(*) FROM Post WHERE Post.article = article.id) AS count_one_article_posts FROM article
27/10/2015 12:07:50 : [INFORMATION] file 303 / line C:\wamp\www\gcsystem\gcs-dev\vendor\gcsystem\framework\core\system\Sql\Sql.php / 
[gcs] [index] [put] [orm-8982]SELECT post.id AS post_id, post.content AS post_content, post.article AS post_article, post.file AS post_file, article.id AS article_id, article.title AS article_title, article.content AS article_content FROM post INNER JOIN article ON post.article = article.id WHERE post.article IN( '1', '2', '3', '4', '5', '6', '7') ORDER BY post.article ASC
27/10/2015 12:08:08 : [INFORMATION] file 303 / line C:\wamp\www\gcsystem\gcs-dev\vendor\gcsystem\framework\core\system\Sql\Sql.php / 
[gcs] [index] [put] [orm-9535]SELECT article.id AS article_id, article.title AS article_title, article.content AS article_content, (SELECT COUNT(*) FROM Post WHERE Post.article = article.id) AS count_one_article_posts FROM article
27/10/2015 12:08:08 : [INFORMATION] file 303 / line C:\wamp\www\gcsystem\gcs-dev\vendor\gcsystem\framework\core\system\Sql\Sql.php / 
[gcs] [index] [put] [orm-8842]SELECT post.id AS post_id, post.content AS post_content, post.article AS post_article, post.file AS post_file, article.id AS article_id, article.title AS article_title, article.content AS article_content FROM post INNER JOIN article ON post.article = article.id WHERE post.article IN( '1', '2', '3', '4', '5', '6', '7') ORDER BY post.article ASC
27/10/2015 17:07:47 : [INFORMATION] file 303 / line C:\wamp\www\gcsystem\gcs-dev\vendor\gcsystem\framework\core\system\Sql\Sql.php / 
[gcs] [index] [get] [orm-7948]SELECT article.id AS article_id, article.title AS article_title, article.content AS article_content, (SELECT COUNT(*) FROM Post WHERE Post.article = article.id) AS count_one_article_posts FROM article
27/10/2015 17:07:47 : [INFORMATION] file 303 / line C:\wamp\www\gcsystem\gcs-dev\vendor\gcsystem\framework\core\system\Sql\Sql.php / 
[gcs] [index] [get] [orm-5634]SELECT post.id AS post_id, post.content AS post_content, post.article AS post_article, post.file AS post_file, article.id AS article_id, article.title AS article_title, article.content AS article_content FROM post INNER JOIN article ON post.article = article.id WHERE post.article IN( '1', '2', '3', '4', '5', '6', '7') ORDER BY post.article ASC
27/10/2015 17:08:02 : [INFORMATION] file 303 / line C:\wamp\www\gcsystem\gcs-dev\vendor\gcsystem\framework\core\system\Sql\Sql.php / 
[gcs] [index] [default] [orm-7753]SELECT student.id AS student_id, student.name AS student_name, (SELECT COUNT(*) FROM Courseidstudentid WHERE Course_id = student.id) AS count_many_student_courses FROM student INNER JOIN CourseIdStudentId ON CourseIdStudentId.student_id = student.id INNER JOIN course ON CourseIdStudentId.Course_id = course.id WHERE student.id = 1
27/10/2015 17:08:02 : [INFORMATION] file 303 / line C:\wamp\www\gcsystem\gcs-dev\vendor\gcsystem\framework\core\system\Sql\Sql.php / 
[gcs] [index] [default] [orm-416]SELECT CourseIdStudentId.id AS CourseIdStudentId_id, CourseIdStudentId.student_id AS CourseIdStudentId_student_id, CourseIdStudentId.course_id AS CourseIdStudentId_course_id, CourseIdStudentId.count AS CourseIdStudentId_count, student.id AS student_id, student.name AS student_name, course.id AS course_id, course.name AS course_name FROM CourseIdStudentId INNER JOIN student ON CourseIdStudentId.student_id = student.id INNER JOIN course ON CourseIdStudentId.course_id = course.id WHERE course_id IN( '1') ORDER BY course_id ASC
27/10/2015 17:09:07 : [INFORMATION] file 303 / line C:\wamp\www\gcsystem\gcs-dev\vendor\gcsystem\framework\core\system\Sql\Sql.php / 
[gcs] [index] [default] [orm-8299]SELECT student.id AS student_id, student.name AS student_name, (SELECT COUNT(*) FROM Courseidstudentid WHERE Course_id = student.id) AS count_many_student_courses FROM student INNER JOIN CourseIdStudentId ON CourseIdStudentId.student_id = student.id INNER JOIN course ON CourseIdStudentId.Course_id = course.id WHERE student.id = 1
27/10/2015 17:09:07 : [INFORMATION] file 303 / line C:\wamp\www\gcsystem\gcs-dev\vendor\gcsystem\framework\core\system\Sql\Sql.php / 
[gcs] [index] [default] [orm-4355]SELECT CourseIdStudentId.id AS CourseIdStudentId_id, CourseIdStudentId.student_id AS CourseIdStudentId_student_id, CourseIdStudentId.course_id AS CourseIdStudentId_course_id, CourseIdStudentId.count AS CourseIdStudentId_count, student.id AS student_id, student.name AS student_name, course.id AS course_id, course.name AS course_name FROM CourseIdStudentId INNER JOIN student ON CourseIdStudentId.student_id = student.id INNER JOIN course ON CourseIdStudentId.course_id = course.id WHERE course_id IN( '1') ORDER BY course_id ASC
27/10/2015 17:09:18 : [INFORMATION] file 303 / line C:\wamp\www\gcsystem\gcs-dev\vendor\gcsystem\framework\core\system\Sql\Sql.php / 
[gcs] [index] [default] [orm-8113]SELECT student.id AS student_id, student.name AS student_name, (SELECT COUNT(*) FROM Courseidstudentid WHERE Course_id = student.id) AS count_many_student_courses FROM student INNER JOIN CourseIdStudentId ON CourseIdStudentId.student_id = student.id INNER JOIN course ON CourseIdStudentId.Course_id = course.id WHERE student.id = 1
27/10/2015 17:09:18 : [INFORMATION] file 303 / line C:\wamp\www\gcsystem\gcs-dev\vendor\gcsystem\framework\core\system\Sql\Sql.php / 
[gcs] [index] [default] [orm-9376]SELECT CourseIdStudentId.id AS CourseIdStudentId_id, CourseIdStudentId.student_id AS CourseIdStudentId_student_id, CourseIdStudentId.course_id AS CourseIdStudentId_course_id, CourseIdStudentId.count AS CourseIdStudentId_count, student.id AS student_id, student.name AS student_name, course.id AS course_id, course.name AS course_name FROM CourseIdStudentId INNER JOIN student ON CourseIdStudentId.student_id = student.id INNER JOIN course ON CourseIdStudentId.course_id = course.id WHERE course_id IN( '1') ORDER BY course_id ASC
27/10/2015 17:09:30 : [INFORMATION] file 303 / line C:\wamp\www\gcsystem\gcs-dev\vendor\gcsystem\framework\core\system\Sql\Sql.php / 
[gcs] [index] [default] [orm-5025]SELECT student.id AS student_id, student.name AS student_name, (SELECT COUNT(*) FROM Courseidstudentid WHERE Course_id = student.id) AS count_many_student_courses FROM student INNER JOIN CourseIdStudentId ON CourseIdStudentId.student_id = student.id INNER JOIN course ON CourseIdStudentId.Course_id = course.id WHERE student.id = 1
27/10/2015 17:09:30 : [INFORMATION] file 303 / line C:\wamp\www\gcsystem\gcs-dev\vendor\gcsystem\framework\core\system\Sql\Sql.php / 
[gcs] [index] [default] [orm-3541]SELECT CourseIdStudentId.id AS CourseIdStudentId_id, CourseIdStudentId.student_id AS CourseIdStudentId_student_id, CourseIdStudentId.course_id AS CourseIdStudentId_course_id, CourseIdStudentId.count AS CourseIdStudentId_count, student.id AS student_id, student.name AS student_name, course.id AS course_id, course.name AS course_name FROM CourseIdStudentId INNER JOIN student ON CourseIdStudentId.student_id = student.id INNER JOIN course ON CourseIdStudentId.course_id = course.id WHERE course_id IN( '1') ORDER BY course_id ASC
27/10/2015 17:09:43 : [INFORMATION] file 303 / line C:\wamp\www\gcsystem\gcs-dev\vendor\gcsystem\framework\core\system\Sql\Sql.php / 
[gcs] [index] [default] [orm-2277]SELECT student.id AS student_id, student.name AS student_name, (SELECT COUNT(*) FROM Courseidstudentid WHERE Course_id = student.id) AS count_many_student_courses FROM student INNER JOIN CourseIdStudentId ON CourseIdStudentId.student_id = student.id INNER JOIN course ON CourseIdStudentId.Course_id = course.id WHERE student.id = 1
27/10/2015 17:09:43 : [INFORMATION] file 303 / line C:\wamp\www\gcsystem\gcs-dev\vendor\gcsystem\framework\core\system\Sql\Sql.php / 
[gcs] [index] [default] [orm-5428]SELECT CourseIdStudentId.id AS CourseIdStudentId_id, CourseIdStudentId.student_id AS CourseIdStudentId_student_id, CourseIdStudentId.course_id AS CourseIdStudentId_course_id, CourseIdStudentId.count AS CourseIdStudentId_count, student.id AS student_id, student.name AS student_name, course.id AS course_id, course.name AS course_name FROM CourseIdStudentId INNER JOIN student ON CourseIdStudentId.student_id = student.id INNER JOIN course ON CourseIdStudentId.course_id = course.id WHERE course_id IN( '1') ORDER BY course_id ASC
27/10/2015 17:09:52 : [INFORMATION] file 303 / line C:\wamp\www\gcsystem\gcs-dev\vendor\gcsystem\framework\core\system\Sql\Sql.php / 
[gcs] [index] [default] [orm-4127]SELECT student.id AS student_id, student.name AS student_name, (SELECT COUNT(*) FROM Courseidstudentid WHERE Course_id = student.id) AS count_many_student_courses FROM student INNER JOIN CourseIdStudentId ON CourseIdStudentId.student_id = student.id INNER JOIN course ON CourseIdStudentId.Course_id = course.id WHERE student.id = 1
27/10/2015 17:09:52 : [INFORMATION] file 303 / line C:\wamp\www\gcsystem\gcs-dev\vendor\gcsystem\framework\core\system\Sql\Sql.php / 
[gcs] [index] [default] [orm-4987]SELECT CourseIdStudentId.id AS CourseIdStudentId_id, CourseIdStudentId.student_id AS CourseIdStudentId_student_id, CourseIdStudentId.course_id AS CourseIdStudentId_course_id, CourseIdStudentId.count AS CourseIdStudentId_count, student.id AS student_id, student.name AS student_name, course.id AS course_id, course.name AS course_name FROM CourseIdStudentId INNER JOIN student ON CourseIdStudentId.student_id = student.id INNER JOIN course ON CourseIdStudentId.course_id = course.id WHERE course_id IN( '1') ORDER BY course_id ASC
27/10/2015 17:26:44 : [INFORMATION] file 303 / line C:\wamp\www\gcsystem\gcs-dev\vendor\gcsystem\framework\core\system\Sql\Sql.php / 
[gcs] [index] [get] [orm-3894]SELECT article.id AS article_id, article.title AS article_title, article.content AS article_content, (SELECT COUNT(*) FROM Post WHERE Post.article = article.id) AS count_one_article_posts FROM article
27/10/2015 17:26:44 : [INFORMATION] file 303 / line C:\wamp\www\gcsystem\gcs-dev\vendor\gcsystem\framework\core\system\Sql\Sql.php / 
[gcs] [index] [get] [orm-8058]SELECT post.id AS post_id, post.content AS post_content, post.article AS post_article, post.file AS post_file, article.id AS article_id, article.title AS article_title, article.content AS article_content FROM post INNER JOIN article ON post.article = article.id WHERE post.article IN( '1', '2', '3', '4', '5', '6', '7') ORDER BY post.article ASC
16/11/2015 06:47:55 : [INFORMATION] file 303 / line C:\wamp\www\gcsystem\gcs-dev\vendor\gcsystem\framework\core\system\Sql\Sql.php / 
[gcs] [index] [default] [orm-4346]SELECT student.id AS student_id, student.name AS student_name, (SELECT COUNT(*) FROM Courseidstudentid WHERE Course_id = student.id) AS count_many_student_courses FROM student INNER JOIN CourseIdStudentId ON CourseIdStudentId.student_id = student.id INNER JOIN course ON CourseIdStudentId.Course_id = course.id WHERE student.id = 1
16/11/2015 06:47:55 : [INFORMATION] file 303 / line C:\wamp\www\gcsystem\gcs-dev\vendor\gcsystem\framework\core\system\Sql\Sql.php / 
[gcs] [index] [default] [orm-7073]SELECT CourseIdStudentId.id AS CourseIdStudentId_id, CourseIdStudentId.student_id AS CourseIdStudentId_student_id, CourseIdStudentId.course_id AS CourseIdStudentId_course_id, CourseIdStudentId.count AS CourseIdStudentId_count, student.id AS student_id, student.name AS student_name, course.id AS course_id, course.name AS course_name FROM CourseIdStudentId INNER JOIN student ON CourseIdStudentId.student_id = student.id INNER JOIN course ON CourseIdStudentId.course_id = course.id WHERE course_id IN( '1') ORDER BY course_id ASC
16/11/2015 06:48:19 : [INFORMATION] file 303 / line C:\wamp\www\gcsystem\gcs-dev\vendor\gcsystem\framework\core\system\Sql\Sql.php / 
[gcs] [index] [default] [orm-5648]SELECT student.id AS student_id, student.name AS student_name, (SELECT COUNT(*) FROM Courseidstudentid WHERE Course_id = student.id) AS count_many_student_courses FROM student INNER JOIN CourseIdStudentId ON CourseIdStudentId.student_id = student.id INNER JOIN course ON CourseIdStudentId.Course_id = course.id WHERE student.id = 1
16/11/2015 06:48:19 : [INFORMATION] file 303 / line C:\wamp\www\gcsystem\gcs-dev\vendor\gcsystem\framework\core\system\Sql\Sql.php / 
[gcs] [index] [default] [orm-9877]SELECT CourseIdStudentId.id AS CourseIdStudentId_id, CourseIdStudentId.student_id AS CourseIdStudentId_student_id, CourseIdStudentId.course_id AS CourseIdStudentId_course_id, CourseIdStudentId.count AS CourseIdStudentId_count, student.id AS student_id, student.name AS student_name, course.id AS course_id, course.name AS course_name FROM CourseIdStudentId INNER JOIN student ON CourseIdStudentId.student_id = student.id INNER JOIN course ON CourseIdStudentId.course_id = course.id WHERE course_id IN( '1') ORDER BY course_id ASC
16/11/2015 06:50:29 : [INFORMATION] file 303 / line C:\wamp\www\gcsystem\gcs-dev\vendor\gcsystem\framework\core\system\Sql\Sql.php / 
[gcs] [index] [default] [orm-3898]SELECT student.id AS student_id, student.name AS student_name, (SELECT COUNT(*) FROM Courseidstudentid WHERE Course_id = student.id) AS count_many_student_courses FROM student INNER JOIN CourseIdStudentId ON CourseIdStudentId.student_id = student.id INNER JOIN course ON CourseIdStudentId.Course_id = course.id WHERE student.id = 1
16/11/2015 06:50:29 : [INFORMATION] file 303 / line C:\wamp\www\gcsystem\gcs-dev\vendor\gcsystem\framework\core\system\Sql\Sql.php / 
[gcs] [index] [default] [orm-4716]SELECT CourseIdStudentId.id AS CourseIdStudentId_id, CourseIdStudentId.student_id AS CourseIdStudentId_student_id, CourseIdStudentId.course_id AS CourseIdStudentId_course_id, CourseIdStudentId.count AS CourseIdStudentId_count, student.id AS student_id, student.name AS student_name, course.id AS course_id, course.name AS course_name FROM CourseIdStudentId INNER JOIN student ON CourseIdStudentId.student_id = student.id INNER JOIN course ON CourseIdStudentId.course_id = course.id WHERE course_id IN( '1') ORDER BY course_id ASC
16/11/2015 06:50:40 : [INFORMATION] file 303 / line C:\wamp\www\gcsystem\gcs-dev\vendor\gcsystem\framework\core\system\Sql\Sql.php / 
[gcs] [index] [get] [orm-992]SELECT article.id AS article_id, article.title AS article_title, article.content AS article_content, (SELECT COUNT(*) FROM Post WHERE Post.article = article.id) AS count_one_article_posts FROM article
16/11/2015 06:50:40 : [INFORMATION] file 303 / line C:\wamp\www\gcsystem\gcs-dev\vendor\gcsystem\framework\core\system\Sql\Sql.php / 
[gcs] [index] [get] [orm-5151]SELECT post.id AS post_id, post.content AS post_content, post.article AS post_article, post.file AS post_file, article.id AS article_id, article.title AS article_title, article.content AS article_content FROM post INNER JOIN article ON post.article = article.id WHERE post.article IN( '1', '2', '3', '4', '5', '6', '7') ORDER BY post.article ASC
16/11/2015 06:50:42 : [INFORMATION] file 303 / line C:\wamp\www\gcsystem\gcs-dev\vendor\gcsystem\framework\core\system\Sql\Sql.php / 
[gcs] [index] [put] [orm-1729]SELECT article.id AS article_id, article.title AS article_title, article.content AS article_content, (SELECT COUNT(*) FROM Post WHERE Post.article = article.id) AS count_one_article_posts FROM article
16/11/2015 06:50:42 : [INFORMATION] file 303 / line C:\wamp\www\gcsystem\gcs-dev\vendor\gcsystem\framework\core\system\Sql\Sql.php / 
[gcs] [index] [put] [orm-7648]SELECT post.id AS post_id, post.content AS post_content, post.article AS post_article, post.file AS post_file, article.id AS article_id, article.title AS article_title, article.content AS article_content FROM post INNER JOIN article ON post.article = article.id WHERE post.article IN( '1', '2', '3', '4', '5', '6', '7') ORDER BY post.article ASC
16/11/2015 07:00:17 : [INFORMATION] file 303 / line C:\wamp\www\gcsystem\gcs-dev\vendor\gcsystem\framework\core\system\Sql\Sql.php / 
[gcs] [index] [hydrate] [query-form-validation]
16/11/2015 07:00:56 : [INFORMATION] file 284 / line C:\wamp\www\gcsystem\gcs-dev\vendor\gcsystem\framework\core\system\Sql\Sql.php / query-form-validation::value unrecognized type
16/11/2015 07:00:56 : [INFORMATION] file 303 / line C:\wamp\www\gcsystem\gcs-dev\vendor\gcsystem\framework\core\system\Sql\Sql.php / 
[gcs] [index] [hydrate] [query-form-validation]SELECT COUNT(*) FROM article where id = :value
16/11/2015 07:02:12 : [INFORMATION] file 303 / line C:\wamp\www\gcsystem\gcs-dev\vendor\gcsystem\framework\core\system\Sql\Sql.php / 
[gcs] [index] [default] [orm-5437]SELECT student.id AS student_id, student.name AS student_name, (SELECT COUNT(*) FROM Courseidstudentid WHERE Course_id = student.id) AS count_many_student_courses FROM student INNER JOIN CourseIdStudentId ON CourseIdStudentId.student_id = student.id INNER JOIN course ON CourseIdStudentId.Course_id = course.id WHERE student.id = 1
16/11/2015 07:02:12 : [INFORMATION] file 303 / line C:\wamp\www\gcsystem\gcs-dev\vendor\gcsystem\framework\core\system\Sql\Sql.php / 
[gcs] [index] [default] [orm-80]SELECT CourseIdStudentId.id AS CourseIdStudentId_id, CourseIdStudentId.student_id AS CourseIdStudentId_student_id, CourseIdStudentId.course_id AS CourseIdStudentId_course_id, CourseIdStudentId.count AS CourseIdStudentId_count, student.id AS student_id, student.name AS student_name, course.id AS course_id, course.name AS course_name FROM CourseIdStudentId INNER JOIN student ON CourseIdStudentId.student_id = student.id INNER JOIN course ON CourseIdStudentId.course_id = course.id WHERE course_id IN( '1') ORDER BY course_id ASC
16/11/2015 07:02:14 : [INFORMATION] file 284 / line C:\wamp\www\gcsystem\gcs-dev\vendor\gcsystem\framework\core\system\Sql\Sql.php / query-form-validation::value unrecognized type
16/11/2015 07:02:14 : [INFORMATION] file 303 / line C:\wamp\www\gcsystem\gcs-dev\vendor\gcsystem\framework\core\system\Sql\Sql.php / 
[gcs] [index] [hydrate] [query-form-validation]SELECT COUNT(*) FROM article where id = :value
16/11/2015 07:02:39 : [INFORMATION] file 284 / line C:\wamp\www\gcsystem\gcs-dev\vendor\gcsystem\framework\core\system\Sql\Sql.php / query-form-validation::value unrecognized type
16/11/2015 07:02:39 : [INFORMATION] file 303 / line C:\wamp\www\gcsystem\gcs-dev\vendor\gcsystem\framework\core\system\Sql\Sql.php / 
[gcs] [index] [hydrate] [query-form-validation]SELECT COUNT(*) FROM article where id = :value
16/11/2015 07:03:07 : [INFORMATION] file 284 / line C:\wamp\www\gcsystem\gcs-dev\vendor\gcsystem\framework\core\system\Sql\Sql.php / query-form-validation::value unrecognized type
16/11/2015 07:03:07 : [INFORMATION] file 303 / line C:\wamp\www\gcsystem\gcs-dev\vendor\gcsystem\framework\core\system\Sql\Sql.php / 
[gcs] [index] [hydrate] [query-form-validation]SELECT COUNT(*) FROM article where id = :value
16/11/2015 07:04:18 : [INFORMATION] file 284 / line C:\wamp\www\gcsystem\gcs-dev\vendor\gcsystem\framework\core\system\Sql\Sql.php / query-form-validation::value unrecognized type
16/11/2015 07:04:18 : [INFORMATION] file 303 / line C:\wamp\www\gcsystem\gcs-dev\vendor\gcsystem\framework\core\system\Sql\Sql.php / 
[gcs] [index] [hydrate] [query-form-validation]SELECT COUNT(*) FROM article where id = :value
16/11/2015 07:05:08 : [INFORMATION] file 286 / line C:\wamp\www\gcsystem\gcs-dev\vendor\gcsystem\framework\core\system\Sql\Sql.php / query-form-validation::value unrecognized type
16/11/2015 07:05:08 : [INFORMATION] file 305 / line C:\wamp\www\gcsystem\gcs-dev\vendor\gcsystem\framework\core\system\Sql\Sql.php / 
[gcs] [index] [hydrate] [query-form-validation]SELECT COUNT(*) FROM article where id = :value
16/11/2015 07:06:15 : [INFORMATION] file 284 / line C:\wamp\www\gcsystem\gcs-dev\vendor\gcsystem\framework\core\system\Sql\Sql.php / query-form-validation::value unrecognized type
16/11/2015 07:06:15 : [INFORMATION] file 303 / line C:\wamp\www\gcsystem\gcs-dev\vendor\gcsystem\framework\core\system\Sql\Sql.php / 
[gcs] [index] [hydrate] [query-form-validation]SELECT COUNT(*) FROM article where id = :value
16/11/2015 07:06:36 : [INFORMATION] file 284 / line C:\wamp\www\gcsystem\gcs-dev\vendor\gcsystem\framework\core\system\Sql\Sql.php / query-form-validation::value unrecognized type
16/11/2015 07:06:36 : [INFORMATION] file 303 / line C:\wamp\www\gcsystem\gcs-dev\vendor\gcsystem\framework\core\system\Sql\Sql.php / 
[gcs] [index] [hydrate] [query-form-validation]SELECT COUNT(*) FROM article where id = :value
16/11/2015 07:10:42 : [INFORMATION] file 284 / line C:\wamp\www\gcsystem\gcs-dev\vendor\gcsystem\framework\core\system\Sql\Sql.php / query-form-validation::value unrecognized type
16/11/2015 07:10:42 : [INFORMATION] file 303 / line C:\wamp\www\gcsystem\gcs-dev\vendor\gcsystem\framework\core\system\Sql\Sql.php / 
[gcs] [index] [hydrate] [query-form-validation]SELECT COUNT(*) FROM article where id = :value
16/11/2015 07:11:40 : [INFORMATION] file 284 / line C:\wamp\www\gcsystem\gcs-dev\vendor\gcsystem\framework\core\system\Sql\Sql.php / query-form-validation::value unrecognized type
16/11/2015 07:11:40 : [INFORMATION] file 303 / line C:\wamp\www\gcsystem\gcs-dev\vendor\gcsystem\framework\core\system\Sql\Sql.php / 
[gcs] [index] [hydrate] [query-form-validation]SELECT COUNT(*) FROM article where id = :value
16/11/2015 07:12:11 : [INFORMATION] file 284 / line C:\wamp\www\gcsystem\gcs-dev\vendor\gcsystem\framework\core\system\Sql\Sql.php / query-form-validation::value unrecognized type
16/11/2015 07:12:11 : [INFORMATION] file 303 / line C:\wamp\www\gcsystem\gcs-dev\vendor\gcsystem\framework\core\system\Sql\Sql.php / 
[gcs] [index] [hydrate] [query-form-validation]SELECT COUNT(*) FROM article where id = :value
16/11/2015 07:12:37 : [INFORMATION] file 303 / line C:\wamp\www\gcsystem\gcs-dev\vendor\gcsystem\framework\core\system\Sql\Sql.php / 
[gcs] [index] [hydrate] [query-form-validation]SELECT COUNT(*) FROM article where id = 'titre'
16/11/2015 07:14:31 : [INFORMATION] file 303 / line C:\wamp\www\gcsystem\gcs-dev\vendor\gcsystem\framework\core\system\Sql\Sql.php / 
[gcs] [index] [default] [orm-6236]SELECT student.id AS student_id, student.name AS student_name, (SELECT COUNT(*) FROM Courseidstudentid WHERE Course_id = student.id) AS count_many_student_courses FROM student INNER JOIN CourseIdStudentId ON CourseIdStudentId.student_id = student.id INNER JOIN course ON CourseIdStudentId.Course_id = course.id WHERE student.id = 1
16/11/2015 07:14:31 : [INFORMATION] file 303 / line C:\wamp\www\gcsystem\gcs-dev\vendor\gcsystem\framework\core\system\Sql\Sql.php / 
[gcs] [index] [default] [orm-3211]SELECT CourseIdStudentId.id AS CourseIdStudentId_id, CourseIdStudentId.student_id AS CourseIdStudentId_student_id, CourseIdStudentId.course_id AS CourseIdStudentId_course_id, CourseIdStudentId.count AS CourseIdStudentId_count, student.id AS student_id, student.name AS student_name, course.id AS course_id, course.name AS course_name FROM CourseIdStudentId INNER JOIN student ON CourseIdStudentId.student_id = student.id INNER JOIN course ON CourseIdStudentId.course_id = course.id WHERE course_id IN( '1') ORDER BY course_id ASC
16/11/2015 07:14:33 : [INFORMATION] file 303 / line C:\wamp\www\gcsystem\gcs-dev\vendor\gcsystem\framework\core\system\Sql\Sql.php / 
[gcs] [index] [hydrate] [query-form-validation]SELECT COUNT(*) FROM article where title != 'titre'
16/11/2015 07:14:44 : [INFORMATION] file 303 / line C:\wamp\www\gcsystem\gcs-dev\vendor\gcsystem\framework\core\system\Sql\Sql.php / 
[gcs] [index] [hydrate] [query-form-validation]SELECT COUNT(*) FROM article where title = 'titre'
16/11/2015 07:15:49 : [INFORMATION] file 303 / line C:\wamp\www\gcsystem\gcs-dev\vendor\gcsystem\framework\core\system\Sql\Sql.php / 
[gcs] [index] [hydrate] [query-form-validation]SELECT COUNT(*) FROM article where title = 'titre'
16/11/2015 07:15:59 : [INFORMATION] file 303 / line C:\wamp\www\gcsystem\gcs-dev\vendor\gcsystem\framework\core\system\Sql\Sql.php / 
[gcs] [index] [hydrate] [query-form-validation]SELECT COUNT(*) FROM article where title = 'titre'
16/11/2015 15:58:19 : [INFORMATION] file 303 / line C:\wamp\www\gcsystem\gcs-dev\vendor\gcsystem\framework\core\system\Sql\Sql.php / 
[gcs] [index] [hydrate] [query-form-validation]SELECT COUNT(*) FROM article where title = 'titre'
16/11/2015 15:58:22 : [INFORMATION] file 303 / line C:\wamp\www\gcsystem\gcs-dev\vendor\gcsystem\framework\core\system\Sql\Sql.php / 
[gcs] [index] [hydrate] [query-form-validation]SELECT COUNT(*) FROM article where title = 'titre'
16/11/2015 15:58:23 : [INFORMATION] file 303 / line C:\wamp\www\gcsystem\gcs-dev\vendor\gcsystem\framework\core\system\Sql\Sql.php / 
[gcs] [index] [hydrate] [query-form-validation]SELECT COUNT(*) FROM article where title = 'titre'
16/11/2015 15:58:41 : [INFORMATION] file 303 / line C:\wamp\www\gcsystem\gcs-dev\vendor\gcsystem\framework\core\system\Sql\Sql.php / 
[gcs] [index] [hydrate] [query-form-validation]SELECT COUNT(*) FROM article where title = 'test'
16/11/2015 23:10:41 : [INFORMATION] file 303 / line C:\wamp\www\gcsystem\gcs-dev\vendor\gcsystem\framework\core\system\Sql\Sql.php / 
[gcs] [index] [hydrate] [query-form-validation]SELECT COUNT(*) FROM article where title = 'titre'
16/11/2015 23:10:42 : [INFORMATION] file 303 / line C:\wamp\www\gcsystem\gcs-dev\vendor\gcsystem\framework\core\system\Sql\Sql.php / 
[gcs] [index] [hydrate] [query-form-validation]SELECT COUNT(*) FROM article where title = 'titre'
16/11/2015 23:10:44 : [INFORMATION] file 303 / line C:\wamp\www\gcsystem\gcs-dev\vendor\gcsystem\framework\core\system\Sql\Sql.php / 
[gcs] [index] [hydrate] [query-form-validation]SELECT COUNT(*) FROM article where title = 'titr'
16/11/2015 23:10:47 : [INFORMATION] file 303 / line C:\wamp\www\gcsystem\gcs-dev\vendor\gcsystem\framework\core\system\Sql\Sql.php / 
[gcs] [index] [hydrate] [query-form-validation]SELECT COUNT(*) FROM article where title = 'test'
16/11/2015 23:19:35 : [INFORMATION] file 303 / line C:\wamp\www\gcsystem\gcs-dev\vendor\gcsystem\framework\core\system\Sql\Sql.php / 
[gcs] [index] [hydrate] [query-form-validation]SELECT COUNT(*) FROM article where title = 'titre'
16/11/2015 23:20:19 : [INFORMATION] file 303 / line C:\wamp\www\gcsystem\gcs-dev\vendor\gcsystem\framework\core\system\Sql\Sql.php / 
[gcs] [index] [hydrate] [query-form-validation]SELECT COUNT(*) FROM article where title = 'titre'
22/11/2015 16:51:47 : [INFORMATION] file 303 / line C:\wamp\www\gcsystem\gcs-dev\vendor\gcsystem\framework\core\system\Sql\Sql.php / 
[gcs] [index] [hydrate] [query-form-validation]SELECT COUNT(*) FROM article where title = 'titre'
22/11/2015 16:54:30 : [INFORMATION] file 303 / line C:\wamp\www\gcsystem\gcs-dev\vendor\gcsystem\framework\core\system\Sql\Sql.php / 
[gcs] [index] [hydrate] [query-form-validation]SELECT COUNT(*) FROM article where title = 'titre'
22/11/2015 16:55:00 : [INFORMATION] file 303 / line C:\wamp\www\gcsystem\gcs-dev\vendor\gcsystem\framework\core\system\Sql\Sql.php / 
[gcs] [index] [hydrate] [query-form-validation]SELECT COUNT(*) FROM article where title = 'titre'
22/11/2015 16:55:18 : [INFORMATION] file 303 / line C:\wamp\www\gcsystem\gcs-dev\vendor\gcsystem\framework\core\system\Sql\Sql.php / 
[gcs] [index] [hydrate] [query-form-validation]SELECT COUNT(*) FROM article where title = 'titre'
22/11/2015 16:55:38 : [INFORMATION] file 303 / line C:\wamp\www\gcsystem\gcs-dev\vendor\gcsystem\framework\core\system\Sql\Sql.php / 
[gcs] [index] [hydrate] [query-form-validation]SELECT COUNT(*) FROM article where title = 'titre'
22/11/2015 16:57:30 : [INFORMATION] file 303 / line C:\wamp\www\gcsystem\gcs-dev\vendor\gcsystem\framework\core\system\Sql\Sql.php / 
[gcs] [index] [hydrate] [query-form-validation]SELECT COUNT(*) FROM article where title = 'titre'
22/11/2015 16:57:43 : [INFORMATION] file 303 / line C:\wamp\www\gcsystem\gcs-dev\vendor\gcsystem\framework\core\system\Sql\Sql.php / 
[gcs] [index] [hydrate] [query-form-validation]SELECT COUNT(*) FROM article where title = 'titre'
22/11/2015 16:58:39 : [INFORMATION] file 303 / line C:\wamp\www\gcsystem\gcs-dev\vendor\gcsystem\framework\core\system\Sql\Sql.php / 
[gcs] [index] [hydrate] [query-form-validation]SELECT COUNT(*) FROM article where title = 'titre'
22/11/2015 16:59:38 : [INFORMATION] file 303 / line C:\wamp\www\gcsystem\gcs-dev\vendor\gcsystem\framework\core\system\Sql\Sql.php / 
[gcs] [index] [hydrate] [query-form-validation]SELECT COUNT(*) FROM article where title = 'titre'
22/11/2015 17:05:23 : [INFORMATION] file 303 / line C:\wamp\www\gcsystem\gcs-dev\vendor\gcsystem\framework\core\system\Sql\Sql.php / 
[gcs] [index] [hydrate] [query-form-validation]SELECT COUNT(*) FROM article where title = 'titre'
