05/07/2015 01:00:56 : [INFORMATION] file F:\wamp\www\gcsystem\gcs-dev\vendor\gcsystem\framework\core\system\Engine\Engine.php / line 304 / Action "Gcs/Index/actionPut" called successfully
#################### END OF EXECUTION OF http://www.gcsystem.dev/form ####################
05/07/2015 01:00:56 : [INFORMATION] file F:\wamp\www\gcsystem\gcs-dev\vendor\gcsystem\framework\core\system\Engine\Engine.php / line 304 / Action "Gcs/AssetManager/actionDefault" called successfully
#################### END OF EXECUTION OF http://www.gcsystem.dev/gcs/asset/2d047826415b8b7c4d9b0b13db7373c81b1aef92.css ####################
05/07/2015 01:04:29 : [INFORMATION] file F:\wamp\www\gcsystem\gcs-dev\vendor\gcsystem\framework\core\system\Engine\Engine.php / line 304 / Action "Gcs/Index/actionPut" called successfully
#################### END OF EXECUTION OF http://www.gcsystem.dev/form ####################
05/07/2015 01:04:29 : [INFORMATION] file F:\wamp\www\gcsystem\gcs-dev\vendor\gcsystem\framework\core\system\Engine\Engine.php / line 304 / Action "Gcs/AssetManager/actionDefault" called successfully
#################### END OF EXECUTION OF http://www.gcsystem.dev/gcs/asset/2d047826415b8b7c4d9b0b13db7373c81b1aef92.css ####################
05/07/2015 01:06:02 : [INFORMATION] file F:\wamp\www\gcsystem\gcs-dev\vendor\gcsystem\framework\core\system\Engine\Engine.php / line 304 / Action "Gcs/Index/actionPut" called successfully
#################### END OF EXECUTION OF http://www.gcsystem.dev/form ####################
05/07/2015 01:06:02 : [INFORMATION] file F:\wamp\www\gcsystem\gcs-dev\vendor\gcsystem\framework\core\system\Engine\Engine.php / line 304 / Action "Gcs/AssetManager/actionDefault" called successfully
#################### END OF EXECUTION OF http://www.gcsystem.dev/gcs/asset/2d047826415b8b7c4d9b0b13db7373c81b1aef92.css ####################
05/07/2015 01:06:02 : [INFORMATION] file F:\wamp\www\gcsystem\gcs-dev\vendor\gcsystem\framework\core\system\Engine\Engine.php / line 304 / Action "Gcs/Index/actionPost" called successfully
#################### END OF EXECUTION OF http://www.gcsystem.dev/form ####################
05/07/2015 01:06:03 : [INFORMATION] file F:\wamp\www\gcsystem\gcs-dev\vendor\gcsystem\framework\core\system\Engine\Engine.php / line 304 / Action "Gcs/AssetManager/actionDefault" called successfully
#################### END OF EXECUTION OF http://www.gcsystem.dev/gcs/asset/2d047826415b8b7c4d9b0b13db7373c81b1aef92.css ####################
05/07/2015 01:06:03 : [INFORMATION] file F:\wamp\www\gcsystem\gcs-dev\vendor\gcsystem\framework\core\system\Engine\Engine.php / line 304 / Action "Gcs/Index/actionPost" called successfully
#################### END OF EXECUTION OF http://www.gcsystem.dev/form ####################
05/07/2015 01:06:03 : [INFORMATION] file F:\wamp\www\gcsystem\gcs-dev\vendor\gcsystem\framework\core\system\Engine\Engine.php / line 304 / Action "Gcs/AssetManager/actionDefault" called successfully
#################### END OF EXECUTION OF http://www.gcsystem.dev/gcs/asset/2d047826415b8b7c4d9b0b13db7373c81b1aef92.css ####################
05/07/2015 01:07:13 : [INFORMATION] file F:\wamp\www\gcsystem\gcs-dev\vendor\gcsystem\framework\core\system\Engine\Engine.php / line 304 / Action "Gcs/Index/actionPost" called successfully
#################### END OF EXECUTION OF http://www.gcsystem.dev/form ####################
05/07/2015 01:07:13 : [INFORMATION] file F:\wamp\www\gcsystem\gcs-dev\vendor\gcsystem\framework\core\system\Engine\Engine.php / line 304 / Action "Gcs/AssetManager/actionDefault" called successfully
#################### END OF EXECUTION OF http://www.gcsystem.dev/gcs/asset/2d047826415b8b7c4d9b0b13db7373c81b1aef92.css ####################
05/07/2015 01:07:15 : [INFORMATION] file F:\wamp\www\gcsystem\gcs-dev\vendor\gcsystem\framework\core\system\Engine\Engine.php / line 304 / Action "Gcs/Index/actionPost" called successfully
#################### END OF EXECUTION OF http://www.gcsystem.dev/form ####################
05/07/2015 01:07:15 : [INFORMATION] file F:\wamp\www\gcsystem\gcs-dev\vendor\gcsystem\framework\core\system\Engine\Engine.php / line 304 / Action "Gcs/AssetManager/actionDefault" called successfully
#################### END OF EXECUTION OF http://www.gcsystem.dev/gcs/asset/2d047826415b8b7c4d9b0b13db7373c81b1aef92.css ####################
05/07/2015 01:07:18 : [INFORMATION] file F:\wamp\www\gcsystem\gcs-dev\vendor\gcsystem\framework\core\system\Engine\Engine.php / line 304 / Action "Gcs/Index/actionPost" called successfully
#################### END OF EXECUTION OF http://www.gcsystem.dev/form ####################
05/07/2015 01:07:18 : [INFORMATION] file F:\wamp\www\gcsystem\gcs-dev\vendor\gcsystem\framework\core\system\Engine\Engine.php / line 304 / Action "Gcs/AssetManager/actionDefault" called successfully
#################### END OF EXECUTION OF http://www.gcsystem.dev/gcs/asset/2d047826415b8b7c4d9b0b13db7373c81b1aef92.css ####################
05/07/2015 01:07:29 : [INFORMATION] file F:\wamp\www\gcsystem\gcs-dev\vendor\gcsystem\framework\core\system\Engine\Engine.php / line 304 / Action "Gcs/Index/actionPost" called successfully
#################### END OF EXECUTION OF http://www.gcsystem.dev/form ####################
05/07/2015 01:07:29 : [INFORMATION] file F:\wamp\www\gcsystem\gcs-dev\vendor\gcsystem\framework\core\system\Engine\Engine.php / line 304 / Action "Gcs/AssetManager/actionDefault" called successfully
#################### END OF EXECUTION OF http://www.gcsystem.dev/gcs/asset/2d047826415b8b7c4d9b0b13db7373c81b1aef92.css ####################
05/07/2015 01:07:31 : [INFORMATION] file F:\wamp\www\gcsystem\gcs-dev\vendor\gcsystem\framework\core\system\Engine\Engine.php / line 304 / Action "Gcs/Index/actionPost" called successfully
#################### END OF EXECUTION OF http://www.gcsystem.dev/form ####################
05/07/2015 01:07:31 : [INFORMATION] file F:\wamp\www\gcsystem\gcs-dev\vendor\gcsystem\framework\core\system\Engine\Engine.php / line 304 / Action "Gcs/AssetManager/actionDefault" called successfully
#################### END OF EXECUTION OF http://www.gcsystem.dev/gcs/asset/2d047826415b8b7c4d9b0b13db7373c81b1aef92.css ####################
05/07/2015 01:08:08 : [INFORMATION] file F:\wamp\www\gcsystem\gcs-dev\vendor\gcsystem\framework\core\system\Engine\Engine.php / line 304 / Action "Gcs/Index/actionPost" called successfully
#################### END OF EXECUTION OF http://www.gcsystem.dev/form ####################
05/07/2015 01:08:08 : [INFORMATION] file F:\wamp\www\gcsystem\gcs-dev\vendor\gcsystem\framework\core\system\Engine\Engine.php / line 304 / Action "Gcs/AssetManager/actionDefault" called successfully
#################### END OF EXECUTION OF http://www.gcsystem.dev/gcs/asset/2d047826415b8b7c4d9b0b13db7373c81b1aef92.css ####################
05/07/2015 01:08:13 : [INFORMATION] file F:\wamp\www\gcsystem\gcs-dev\vendor\gcsystem\framework\core\system\Engine\Engine.php / line 304 / Action "Gcs/Index/actionPost" called successfully
#################### END OF EXECUTION OF http://www.gcsystem.dev/form ####################
05/07/2015 01:08:13 : [INFORMATION] file F:\wamp\www\gcsystem\gcs-dev\vendor\gcsystem\framework\core\system\Engine\Engine.php / line 304 / Action "Gcs/AssetManager/actionDefault" called successfully
#################### END OF EXECUTION OF http://www.gcsystem.dev/gcs/asset/2d047826415b8b7c4d9b0b13db7373c81b1aef92.css ####################
05/07/2015 01:08:21 : [INFORMATION] file F:\wamp\www\gcsystem\gcs-dev\vendor\gcsystem\framework\core\system\Engine\Engine.php / line 304 / Action "Gcs/Index/actionPost" called successfully
#################### END OF EXECUTION OF http://www.gcsystem.dev/form ####################
05/07/2015 01:08:22 : [INFORMATION] file F:\wamp\www\gcsystem\gcs-dev\vendor\gcsystem\framework\core\system\Engine\Engine.php / line 304 / Action "Gcs/AssetManager/actionDefault" called successfully
#################### END OF EXECUTION OF http://www.gcsystem.dev/gcs/asset/2d047826415b8b7c4d9b0b13db7373c81b1aef92.css ####################
05/07/2015 01:08:22 : [INFORMATION] file F:\wamp\www\gcsystem\gcs-dev\vendor\gcsystem\framework\core\system\Engine\Engine.php / line 304 / Action "Gcs/Index/actionPut" called successfully
#################### END OF EXECUTION OF http://www.gcsystem.dev/form ####################
05/07/2015 01:08:22 : [INFORMATION] file F:\wamp\www\gcsystem\gcs-dev\vendor\gcsystem\framework\core\system\Engine\Engine.php / line 304 / Action "Gcs/AssetManager/actionDefault" called successfully
#################### END OF EXECUTION OF http://www.gcsystem.dev/gcs/asset/2d047826415b8b7c4d9b0b13db7373c81b1aef92.css ####################
05/07/2015 01:08:22 : [INFORMATION] file F:\wamp\www\gcsystem\gcs-dev\vendor\gcsystem\framework\core\system\Engine\Engine.php / line 304 / Action "Gcs/Index/actionPut" called successfully
#################### END OF EXECUTION OF http://www.gcsystem.dev/form ####################
05/07/2015 01:08:22 : [INFORMATION] file F:\wamp\www\gcsystem\gcs-dev\vendor\gcsystem\framework\core\system\Engine\Engine.php / line 304 / Action "Gcs/AssetManager/actionDefault" called successfully
#################### END OF EXECUTION OF http://www.gcsystem.dev/gcs/asset/2d047826415b8b7c4d9b0b13db7373c81b1aef92.css ####################
05/07/2015 01:08:24 : [INFORMATION] file F:\wamp\www\gcsystem\gcs-dev\vendor\gcsystem\framework\core\system\Engine\Engine.php / line 304 / Action "Gcs/Index/actionPut" called successfully
#################### END OF EXECUTION OF http://www.gcsystem.dev/form ####################
05/07/2015 01:08:24 : [INFORMATION] file F:\wamp\www\gcsystem\gcs-dev\vendor\gcsystem\framework\core\system\Engine\Engine.php / line 304 / Action "Gcs/AssetManager/actionDefault" called successfully
#################### END OF EXECUTION OF http://www.gcsystem.dev/gcs/asset/2d047826415b8b7c4d9b0b13db7373c81b1aef92.css ####################
05/07/2015 01:08:30 : [INFORMATION] file F:\wamp\www\gcsystem\gcs-dev\vendor\gcsystem\framework\core\system\Engine\Engine.php / line 304 / Action "Gcs/Index/actionPut" called successfully
#################### END OF EXECUTION OF http://www.gcsystem.dev/form ####################
05/07/2015 01:08:30 : [INFORMATION] file F:\wamp\www\gcsystem\gcs-dev\vendor\gcsystem\framework\core\system\Engine\Engine.php / line 304 / Action "Gcs/AssetManager/actionDefault" called successfully
#################### END OF EXECUTION OF http://www.gcsystem.dev/gcs/asset/2d047826415b8b7c4d9b0b13db7373c81b1aef92.css ####################
05/07/2015 01:11:07 : [INFORMATION] file F:\wamp\www\gcsystem\gcs-dev\vendor\gcsystem\framework\core\system\Engine\Engine.php / line 304 / Action "Gcs/Index/actionPut" called successfully
#################### END OF EXECUTION OF http://www.gcsystem.dev/form ####################
05/07/2015 01:11:07 : [INFORMATION] file F:\wamp\www\gcsystem\gcs-dev\vendor\gcsystem\framework\core\system\Engine\Engine.php / line 304 / Action "Gcs/AssetManager/actionDefault" called successfully
#################### END OF EXECUTION OF http://www.gcsystem.dev/gcs/asset/2d047826415b8b7c4d9b0b13db7373c81b1aef92.css ####################
05/07/2015 01:35:44 : [INFORMATION] file F:\wamp\www\gcsystem\gcs-dev\vendor\gcsystem\framework\core\system\Engine\Engine.php / line 305 / Action "Gcs/Index/actionPut" called successfully
#################### END OF EXECUTION OF http://www.gcsystem.dev/form ####################
05/07/2015 01:35:44 : [INFORMATION] file F:\wamp\www\gcsystem\gcs-dev\vendor\gcsystem\framework\core\system\Engine\Engine.php / line 305 / Action "Gcs/AssetManager/actionDefault" called successfully
#################### END OF EXECUTION OF http://www.gcsystem.dev/gcs/asset/2d047826415b8b7c4d9b0b13db7373c81b1aef92.css ####################
05/07/2015 01:37:28 : [INFORMATION] file F:\wamp\www\gcsystem\gcs-dev\vendor\gcsystem\framework\core\system\Engine\Engine.php / line 305 / Action "Gcs/Index/actionPut" called successfully
#################### END OF EXECUTION OF http://www.gcsystem.dev/form ####################
05/07/2015 01:37:28 : [INFORMATION] file F:\wamp\www\gcsystem\gcs-dev\vendor\gcsystem\framework\core\system\Engine\Engine.php / line 305 / Action "Gcs/AssetManager/actionDefault" called successfully
#################### END OF EXECUTION OF http://www.gcsystem.dev/gcs/asset/2d047826415b8b7c4d9b0b13db7373c81b1aef92.css ####################
